#
# A fatal error has been detected by the Java Runtime Environment:
#
#  EXCEPTION_ACCESS_VIOLATION (0xc0000005) at pc=0x0000026138820fa4, pid=5564, tid=7940
#
# JRE version: Java(TM) SE Runtime Environment (21.0.2+13) (build 21.0.2+13-LTS-58)
# Java VM: Java HotSpot(TM) 64-Bit Server VM (21.0.2+13-LTS-58, mixed mode, emulated-client, sharing, tiered, compressed oops, compressed class ptrs, g1 gc, windows-amd64)
# Problematic frame:
# v  ~BufferBlob::MethodHandles adapters 0x0000026138820fa4
#
# No core dump will be written. Minidumps are not enabled by default on client versions of Windows
#
# If you would like to submit a bug report, please visit:
#   https://bugreport.java.com/bugreport/crash.jsp
#

---------------  S U M M A R Y ------------

Command Line: -XX:+ShowCodeDetailsInExceptionMessages -agentlib:jdwp=transport=dt_socket,suspend=y,address=localhost:53112 -Dcom.sun.management.jmxremote -Dcom.sun.management.jmxremote.port=53111 -Dcom.sun.management.jmxremote.authenticate=false -Dcom.sun.management.jmxremote.ssl=false -Djava.rmi.server.hostname=localhost -Dspring.jmx.enabled=true -Dmanagement.endpoints.jmx.exposure.include=* -Dspring.application.admin.enabled=true -XX:TieredStopAtLevel=1 -Dspring.boot.project.name=sbb -javaagent:C:\sts-4.22.0.RELEASE\configuration\org.eclipse.osgi\266\0\.cp\lib\javaagent-shaded.jar -Dfile.encoding=UTF-8 -Dstdout.encoding=UTF-8 -Dstderr.encoding=UTF-8 com.mysite.sbb.SbbApplication --spring.output.ansi.enabled=always

Host: 12th Gen Intel(R) Core(TM) i5-1235U, 12 cores, 15G,  Windows 11 , 64 bit Build 22621 (10.0.22621.3374)
Time: Mon Apr 15 18:58:11 2024  Windows 11 , 64 bit Build 22621 (10.0.22621.3374) elapsed time: 105.418625 seconds (0d 0h 1m 45s)

---------------  T H R E A D  ---------------

Current thread (0x0000026189bda870):  JavaThread "http-nio-8080-exec-1" daemon [_thread_in_Java, id=7940, stack(0x000000f0ea000000,0x000000f0ea100000) (1024K)]

Stack: [0x000000f0ea000000,0x000000f0ea100000],  sp=0x000000f0ea0fbad8,  free space=1006k
Native frames: (J=compiled Java code, j=interpreted, Vv=VM code, C=native code)
C  0x0000026138820fa4

The last pc belongs to _linkToVirtual (printed below).

siginfo: EXCEPTION_ACCESS_VIOLATION (0xc0000005), reading address 0x00000279ca6b843e


Registers:
RAX=0x00000261387f958b, RBX=0x000000070699fc90, RCX=0x000000f0ea0fbaf0, RDX=0x0000000000000004
RSP=0x000000f0ea0fbad8, RBP=0x000000f0ea0fbb38, RSI=0x000002618c091be8, RDI=0x000002618afd2070
R8 =0x0000000000000004, R9 =0x0000000000000004, R10=0x00000261ca6b8276, R11=0x0000000300000000
R12=0x0000000000000000, R13=0x000000f0ea0fbad8, R14=0x000000f0ea0fbb68, R15=0x0000026189bda870
RIP=0x0000026138820fa4, EFLAGS=0x0000000000010202


Register to memory mapping:

RAX=0x00000261387f958b is at code_begin+4363 in an Interpreter codelet
return entry points  [0x00000261387f8480, 0x00000261387fa298]  7704 bytes
RBX=0x000000070699fc90 is an oop: org.springframework.validation.support.BindingAwareModelMap 
{0x000000070699fc90} - klass: 'org/springframework/validation/support/BindingAwareModelMap'
 - ---- fields (total size 8 words):
 - transient 'keySet' 'Ljava/util/Set;' @12  null (0x00000000)
 - transient 'values' 'Ljava/util/Collection;' @16  null (0x00000000)
 - transient 'size' 'I' @20  3 (0x00000003)
 - transient 'modCount' 'I' @24  3 (0x00000003)
 - 'threshold' 'I' @28  12 (0x0000000c)
 - final 'loadFactor' 'F' @32  0.750000 (0x3f400000)
 - transient 'table' '[Ljava/util/HashMap$Node;' @36  a 'java/util/HashMap$Node'[16] {0x00000007069a0138} (0xe0d34027)
 - transient 'entrySet' 'Ljava/util/Set;' @40  null (0x00000000)
 - transient 'putMode' 'I' @44  0 (0x00000000)
 - final 'accessOrder' 'Z' @48  false (0x00)
 - transient 'head' 'Ljava/util/LinkedHashMap$Entry;' @52  a 'java/util/LinkedHashMap$Entry'{0x00000007069a0458} (0xe0d3408b)
 - transient 'tail' 'Ljava/util/LinkedHashMap$Entry;' @56  a 'java/util/LinkedHashMap$Entry'{0x00000007069a0188} (0xe0d34031)
RCX=0x000000f0ea0fbaf0 is pointing into the stack for thread: 0x0000026189bda870
RDX=0x0000000000000004 is an unknown value
RSP=0x000000f0ea0fbad8 is pointing into the stack for thread: 0x0000026189bda870
RBP=0x000000f0ea0fbb38 is pointing into the stack for thread: 0x0000026189bda870
RSI=0x000002618c091be8 points into unknown readable memory: 0x0000000000000000 | 00 00 00 00 00 00 00 00
RDI=0x000002618afd2070 points into unknown readable memory: 0x0000002800000080 | 80 00 00 00 28 00 00 00
R8 =0x0000000000000004 is an unknown value
R9 =0x0000000000000004 is an unknown value
R10=0x00000261ca6b8276 is an unknown value
R11=0x0000000300000000 is an unknown value
R12=0x0 is null
R13=0x000000f0ea0fbad8 is pointing into the stack for thread: 0x0000026189bda870
R14=0x000000f0ea0fbb68 is pointing into the stack for thread: 0x0000026189bda870
R15=0x0000026189bda870 is a thread

Top of Stack: (sp=0x000000f0ea0fbad8)
0x000000f0ea0fbad8:   00000261387f958b 000000070699fc58
0x000000f0ea0fbae8:   000000070699fc48 000000f0ea0fbaf0
0x000000f0ea0fbaf8:   00000261866b8276 0000000000000006
0x000000f0ea0fbb08:   00000261866b83c8 000000f0ea0fbbd8
0x000000f0ea0fbb18:   00000007036389b0 00000261866b8288
0x000000f0ea0fbb28:   000000f0ea0fbad8 000000f0ea0fbb70
0x000000f0ea0fbb38:   000000f0ea0fbbd8 00000261387f958b
0x000000f0ea0fbb48:   000000070682da88 000000070699fc90
0x000000f0ea0fbb58:   000000070699fc58 000000070699fc48
0x000000f0ea0fbb68:   000000070682da18 0000000706acb5d8
0x000000f0ea0fbb78:   0000000706ace720 00000007091ee080
0x000000f0ea0fbb88:   0000000706acf1c8 000000f0ea0fbb90
0x000000f0ea0fbb98:   0000026188378b01 000000000000000c
0x000000f0ea0fbba8:   0000026188378c50 0000000000000000
0x000000f0ea0fbbb8:   0000000703e89f20 0000026188378b10
0x000000f0ea0fbbc8:   000000f0ea0fbb70 000000f0ea0fbc40
0x000000f0ea0fbbd8:   000000f0ea0fbef0 000002613932792a
0x000000f0ea0fbbe8:   000000070682da18 000000070699fc58
0x000000f0ea0fbbf8:   000000070682db10 000000070699fc48
0x000000f0ea0fbc08:   000000070682db38 000000070699fc90
0x000000f0ea0fbc18:   000000070682db60 000000070699fc90
0x000000f0ea0fbc28:   000000070699fc58 000000070699fc48
0x000000f0ea0fbc38:   000000070682d9e8 0000000000000000
0x000000f0ea0fbc48:   00000007091eae40 00000007060435a0
0x000000f0ea0fbc58:   0000000706acf650 0000000706acf620
0x000000f0ea0fbc68:   0000000000000001 00000007060435a0
0x000000f0ea0fbc78:   0000000704a67660 00000007091eb038
0x000000f0ea0fbc88:   0000000000000020 000000f0ea0fbef0
0x000000f0ea0fbc98:   0000026138b9446c 00000261858c7268
0x000000f0ea0fbca8:   0000000000000000 000000f0ea0fbef0
0x000000f0ea0fbcb8:   00000261395e1c74 0000000000000000
0x000000f0ea0fbcc8:   0000000000000000 0000000000000000 

Instructions: (pc=0x0000026138820fa4)
0x0000026138820ea4:   61 02 00 00 00 0f 82 38 61 02 00 00 80 1f 82 38
0x0000026138820eb4:   61 02 00 00 f0 0e 82 38 61 02 00 00 f0 0e 82 38
0x0000026138820ec4:   61 02 00 00 00 00 00 00 00 00 00 00 f8 4f 64 34
0x0000026138820ed4:   ff 7f 00 00 f0 10 00 00 60 00 00 00 ff ff ff ff
0x0000026138820ee4:   f0 10 00 00 00 00 00 00 00 00 00 00 00 00 00 00
0x0000026138820ef4:   00 00 00 00 00 00 00 00 00 00 00 00 f4 66 66 66
0x0000026138820f04:   0f 1f 84 00 00 00 00 00 66 66 66 90 66 66 66 0f
0x0000026138820f14:   1f 84 00 00 00 00 00 66 66 66 90 90 48 8b 53 08
0x0000026138820f24:   0f b7 52 2e 48 8b 0c d4 8b 59 14 48 c1 e3 03 8b
0x0000026138820f34:   5b 28 48 c1 e3 03 8b 5b 24 48 c1 e3 03 48 8b 5b
0x0000026138820f44:   10 48 85 db 0f 84 10 00 00 00 41 80 bf e0 05 00
0x0000026138820f54:   00 00 74 03 ff 63 38 ff 63 50 e9 9d 16 00 00 66
0x0000026138820f64:   66 66 0f 1f 84 00 00 00 00 00 66 66 66 90 66 66
0x0000026138820f74:   0f 1f 84 00 00 00 00 00 66 66 66 90 48 8b 53 08
0x0000026138820f84:   0f b7 52 2e 48 8b 0c d4 58 5b 50 44 8b 51 08 49
0x0000026138820f94:   bb 00 00 00 44 61 02 00 00 4d 03 d3 4c 8b 5b 10
0x0000026138820fa4:   4b 8b 9c da c8 01 00 00 48 85 db 0f 84 10 00 00
0x0000026138820fb4:   00 41 80 bf e0 05 00 00 00 74 03 ff 63 38 ff 63
0x0000026138820fc4:   50 e9 36 16 00 00 66 66 66 0f 1f 84 00 00 00 00
0x0000026138820fd4:   00 66 66 66 90 0f 1f 80 00 00 00 00 58 5b 50 8b
0x0000026138820fe4:   5b 24 48 c1 e3 03 48 8b 5b 10 48 85 db 0f 84 10
0x0000026138820ff4:   00 00 00 41 80 bf e0 05 00 00 00 74 03 ff 63 38
0x0000026138821004:   ff 63 50 e9 f4 15 00 00 66 66 66 0f 1f 84 00 00
0x0000026138821014:   00 00 00 66 66 66 90 0f 1f 44 00 00 48 8b 53 08
0x0000026138821024:   0f b7 52 2e 48 8b 0c d4 58 5b 50 48 3b 01 8b 5b
0x0000026138821034:   24 48 c1 e3 03 48 8b 5b 10 48 85 db 0f 84 10 00
0x0000026138821044:   00 00 41 80 bf e0 05 00 00 00 74 03 ff 63 38 ff
0x0000026138821054:   63 50 e9 a5 15 00 00 0f 1f 44 00 00 48 8b 53 08
0x0000026138821064:   0f b7 52 2e 48 8b 0c d4 58 5b 50 44 8b 51 08 49
0x0000026138821074:   bb 00 00 00 44 61 02 00 00 4d 03 d3 8b 43 18 48
0x0000026138821084:   c1 e0 03 48 8b 40 10 48 8b 5b 10 45 8b 9a a0 00
0x0000026138821094:   00 00 4f 8d 9c da c8 01 00 00 4d 8d 14 da 49 8b 


Stack slot to memory mapping:

stack at sp + 0 slots: 0x00000261387f958b is at code_begin+4363 in an Interpreter codelet
return entry points  [0x00000261387f8480, 0x00000261387fa298]  7704 bytes
stack at sp + 1 slots: 0x000000070699fc58 is an oop: com.mysite.sbb.user.UserCreateForm 
{0x000000070699fc58} - klass: 'com/mysite/sbb/user/UserCreateForm'
 - ---- fields (total size 7 words):
 - private 'username' 'Ljava/lang/String;' @12  null (0x00000000)
 - private 'password1' 'Ljava/lang/String;' @16  null (0x00000000)
 - private 'password2' 'Ljava/lang/String;' @20  null (0x00000000)
 - private 'email' 'Ljava/lang/String;' @24  null (0x00000000)
 - private 'nickName' 'Ljava/lang/String;' @28  null (0x00000000)
 - private 'birth' 'Ljava/lang/String;' @32  null (0x00000000)
 - private 'phoneNumber' 'Ljava/lang/String;' @36  null (0x00000000)
 - private 'gender' 'Ljava/lang/String;' @40  null (0x00000000)
 - private 'address1' 'Ljava/lang/String;' @44  null (0x00000000)
 - private 'address2' 'Ljava/lang/String;' @48  null (0x00000000)
stack at sp + 2 slots: 0x000000070699fc48 is an oop: com.mysite.sbb.user.UserController 
{0x000000070699fc48} - klass: 'com/mysite/sbb/user/UserController'
 - ---- fields (total size 2 words):
 - private final 'userService' 'Lcom/mysite/sbb/user/UserService;' @12  a 'com/mysite/sbb/user/UserService'{0x0000000706844330} (0xe0d08866)
stack at sp + 3 slots: 0x000000f0ea0fbaf0 is pointing into the stack for thread: 0x0000026189bda870
stack at sp + 4 slots: 0x00000261866b8276 is pointing into metadata
stack at sp + 5 slots: 0x0000000000000006 is an unknown value
stack at sp + 6 slots: 0x00000261866b83c8 is pointing into metadata
stack at sp + 7 slots: 0x000000f0ea0fbbd8 is pointing into the stack for thread: 0x0000026189bda870

MethodHandle::interpreter_entry::_linkToVirtual [0x0000026138820f63, 0x0000026138820fca] (103 bytes)
[MachCode]
  0x0000026138820f63: 6666 660f | 1f84 0000 | 0000 0066 | 6666 9066 | 660f 1f84 | 0000 0000 | 0066 6666 | 9048 8b53 
  0x0000026138820f83: 080f b752 | 2e48 8b0c | d458 5b50 | 448b 5108 | 49bb 0000 | 0044 6102 | 0000 4d03 | d34c 8b5b 
  0x0000026138820fa3: 104b 8b9c | dac8 0100 | 0048 85db | 0f84 1000 | 0000 4180 | bfe0 0500 | 0000 7403 | ff63 38ff 
  0x0000026138820fc3: 6350 e936 | 
[/MachCode]

---------------  P R O C E S S  ---------------

Threads class SMR info:
_java_thread_list=0x000002618cf5d5b0, length=45, elements={
0x00000261436cff90, 0x00000261436d09c0, 0x00000261436d30d0, 0x00000261436d52a0,
0x00000261436d7e30, 0x00000261436df020, 0x00000261436e86c0, 0x000002614387f9c0,
0x0000026143925010, 0x0000026143948fa0, 0x0000026143949620, 0x0000026143880050,
0x0000026143882120, 0x0000026143881400, 0x0000026143880d70, 0x000002614387f330,
0x0000026189bd8110, 0x0000026189bd87a0, 0x0000026189bdbc20, 0x000002618a48d500,
0x00000261438806e0, 0x000002618a1e7700, 0x000002618a1e8ab0, 0x000002618a1e7d90,
0x000002618a1e97d0, 0x000002618a1e7070, 0x000002618a1e9140, 0x000002618a1e9e60,
0x0000026189bd59b0, 0x0000026189bd4c90, 0x0000026189bdc2b0, 0x0000026189bd94c0,
0x0000026189bd9b50, 0x0000026189bda870, 0x0000026189bda1e0, 0x0000026189bd73f0,
0x0000026189bd5320, 0x0000026189bd66d0, 0x0000026189bd6d60, 0x0000026189bdb590,
0x0000026189bd6040, 0x000002618a48a080, 0x000002618a48c7e0, 0x000002618a48ce70,
0x000002618a48ada0
}

Java Threads: ( => current thread )
  0x00000261436cff90 JavaThread "Reference Handler"          daemon [_thread_blocked, id=17200, stack(0x000000f0e7200000,0x000000f0e7300000) (1024K)]
  0x00000261436d09c0 JavaThread "Finalizer"                  daemon [_thread_blocked, id=19268, stack(0x000000f0e7300000,0x000000f0e7400000) (1024K)]
  0x00000261436d30d0 JavaThread "Signal Dispatcher"          daemon [_thread_blocked, id=16548, stack(0x000000f0e7400000,0x000000f0e7500000) (1024K)]
  0x00000261436d52a0 JavaThread "Attach Listener"            daemon [_thread_blocked, id=1312, stack(0x000000f0e7500000,0x000000f0e7600000) (1024K)]
  0x00000261436d7e30 JavaThread "Service Thread"             daemon [_thread_blocked, id=800, stack(0x000000f0e7600000,0x000000f0e7700000) (1024K)]
  0x00000261436df020 JavaThread "Monitor Deflation Thread"   daemon [_thread_blocked, id=19696, stack(0x000000f0e7700000,0x000000f0e7800000) (1024K)]
  0x00000261436e86c0 JavaThread "C1 CompilerThread0"         daemon [_thread_blocked, id=2216, stack(0x000000f0e7800000,0x000000f0e7900000) (1024K)]
  0x000002614387f9c0 JavaThread "Common-Cleaner"             daemon [_thread_blocked, id=11736, stack(0x000000f0e7900000,0x000000f0e7a00000) (1024K)]
  0x0000026143925010 JavaThread "JDWP Transport Listener: dt_socket" daemon [_thread_blocked, id=13276, stack(0x000000f0e7c00000,0x000000f0e7d00000) (1024K)]
  0x0000026143948fa0 JavaThread "JDWP Event Helper Thread"   daemon [_thread_blocked, id=8064, stack(0x000000f0e7d00000,0x000000f0e7e00000) (1024K)]
  0x0000026143949620 JavaThread "JDWP Command Reader"        daemon [_thread_in_native, id=4324, stack(0x000000f0e7e00000,0x000000f0e7f00000) (1024K)]
  0x0000026143880050 JavaThread "Notification Thread"        daemon [_thread_blocked, id=2220, stack(0x000000f0e7f00000,0x000000f0e8000000) (1024K)]
  0x0000026143882120 JavaThread "RMI TCP Accept-0"           daemon [_thread_in_native, id=19700, stack(0x000000f0e8000000,0x000000f0e8100000) (1024K)]
  0x0000026143881400 JavaThread "RMI TCP Accept-53111"       daemon [_thread_in_native, id=8804, stack(0x000000f0e8900000,0x000000f0e8a00000) (1024K)]
  0x0000026143880d70 JavaThread "RMI TCP Accept-0"           daemon [_thread_in_native, id=19228, stack(0x000000f0e8a00000,0x000000f0e8b00000) (1024K)]
  0x000002614387f330 JavaThread "RMI Scheduler(0)"           daemon [_thread_blocked, id=12076, stack(0x000000f0e8f00000,0x000000f0e9000000) (1024K)]
  0x0000026189bd8110 JavaThread "RMI TCP Connection(idle)"   daemon [_thread_blocked, id=21208, stack(0x000000f0e9000000,0x000000f0e9100000) (1024K)]
  0x0000026189bd87a0 JavaThread "JMX server connection timeout 43" daemon [_thread_blocked, id=17912, stack(0x000000f0e9100000,0x000000f0e9200000) (1024K)]
  0x0000026189bdbc20 JavaThread "Live Reload Server"         daemon [_thread_in_native, id=19496, stack(0x000000f0e9f00000,0x000000f0ea000000) (1024K)]
  0x000002618a48d500 JavaThread "DestroyJavaVM"                     [_thread_blocked, id=16540, stack(0x000000f0e6a00000,0x000000f0e6b00000) (1024K)]
  0x00000261438806e0 JavaThread "RMI TCP Connection(8)-127.0.0.1" daemon [_thread_in_native, id=1328, stack(0x000000f0eab00000,0x000000f0eac00000) (1024K)]
  0x000002618a1e7700 JavaThread "RMI TCP Connection(7)-127.0.0.1" daemon [_thread_in_native, id=5172, stack(0x000000f0eac00000,0x000000f0ead00000) (1024K)]
  0x000002618a1e8ab0 JavaThread "RMI TCP Connection(10)-127.0.0.1" daemon [_thread_in_native, id=22516, stack(0x000000f0ead00000,0x000000f0eae00000) (1024K)]
  0x000002618a1e7d90 JavaThread "ForkJoinPool.commonPool-worker-1" daemon [_thread_blocked, id=12156, stack(0x000000f0e9a00000,0x000000f0e9b00000) (1024K)]
  0x000002618a1e97d0 JavaThread "ForkJoinPool.commonPool-worker-2" daemon [_thread_blocked, id=10072, stack(0x000000f0eae00000,0x000000f0eaf00000) (1024K)]
  0x000002618a1e7070 JavaThread "MVStore background writer C:/Users/cjfdn/test.mv.db" daemon [_thread_blocked, id=7572, stack(0x000000f0e9500000,0x000000f0e9600000) (1024K)]
  0x000002618a1e9140 JavaThread "HikariPool-2 housekeeper"   daemon [_thread_blocked, id=19028, stack(0x000000f0e9600000,0x000000f0e9700000) (1024K)]
  0x000002618a1e9e60 JavaThread "Catalina-utility-1"                [_thread_blocked, id=11368, stack(0x000000f0e9700000,0x000000f0e9800000) (1024K)]
  0x0000026189bd59b0 JavaThread "Catalina-utility-2"                [_thread_blocked, id=1616, stack(0x000000f0e9800000,0x000000f0e9900000) (1024K)]
  0x0000026189bd4c90 JavaThread "container-0"                       [_thread_blocked, id=20324, stack(0x000000f0e9900000,0x000000f0e9a00000) (1024K)]
  0x0000026189bdc2b0 JavaThread "H2-serialization"           daemon [_thread_blocked, id=16396, stack(0x000000f0e9c00000,0x000000f0e9d00000) (1024K)]
  0x0000026189bd94c0 JavaThread "H2-save"                    daemon [_thread_blocked, id=2212, stack(0x000000f0e9d00000,0x000000f0e9e00000) (1024K)]
  0x0000026189bd9b50 JavaThread "File Watcher"               daemon [_thread_blocked, id=9452, stack(0x000000f0e9e00000,0x000000f0e9f00000) (1024K)]
=>0x0000026189bda870 JavaThread "http-nio-8080-exec-1"       daemon [_thread_in_Java, id=7940, stack(0x000000f0ea000000,0x000000f0ea100000) (1024K)]
  0x0000026189bda1e0 JavaThread "http-nio-8080-exec-2"       daemon [_thread_blocked, id=14008, stack(0x000000f0ea100000,0x000000f0ea200000) (1024K)]
  0x0000026189bd73f0 JavaThread "http-nio-8080-exec-3"       daemon [_thread_blocked, id=11644, stack(0x000000f0ea200000,0x000000f0ea300000) (1024K)]
  0x0000026189bd5320 JavaThread "http-nio-8080-exec-4"       daemon [_thread_blocked, id=20556, stack(0x000000f0ea300000,0x000000f0ea400000) (1024K)]
  0x0000026189bd66d0 JavaThread "http-nio-8080-exec-5"       daemon [_thread_blocked, id=11256, stack(0x000000f0ea400000,0x000000f0ea500000) (1024K)]
  0x0000026189bd6d60 JavaThread "http-nio-8080-exec-6"       daemon [_thread_blocked, id=7264, stack(0x000000f0ea500000,0x000000f0ea600000) (1024K)]
  0x0000026189bdb590 JavaThread "http-nio-8080-exec-7"       daemon [_thread_blocked, id=4568, stack(0x000000f0ea600000,0x000000f0ea700000) (1024K)]
  0x0000026189bd6040 JavaThread "http-nio-8080-exec-8"       daemon [_thread_blocked, id=18532, stack(0x000000f0ea700000,0x000000f0ea800000) (1024K)]
  0x000002618a48a080 JavaThread "http-nio-8080-exec-9"       daemon [_thread_blocked, id=17688, stack(0x000000f0ea800000,0x000000f0ea900000) (1024K)]
  0x000002618a48c7e0 JavaThread "http-nio-8080-exec-10"      daemon [_thread_blocked, id=22040, stack(0x000000f0ea900000,0x000000f0eaa00000) (1024K)]
  0x000002618a48ce70 JavaThread "http-nio-8080-Poller"       daemon [_thread_in_native, id=20752, stack(0x000000f0eaa00000,0x000000f0eab00000) (1024K)]
  0x000002618a48ada0 JavaThread "http-nio-8080-Acceptor"     daemon [_thread_in_native, id=13872, stack(0x000000f0eaf00000,0x000000f0eb000000) (1024K)]
Total: 45

Other Threads:
  0x00000261436af320 VMThread "VM Thread"                           [id=10220, stack(0x000000f0e7100000,0x000000f0e7200000) (1024K)]
  0x000002614369d300 WatcherThread "VM Periodic Task Thread"        [id=4676, stack(0x000000f0e7000000,0x000000f0e7100000) (1024K)]
  0x000002613040c5c0 WorkerThread "GC Thread#0"                     [id=20444, stack(0x000000f0e6b00000,0x000000f0e6c00000) (1024K)]
  0x000002618945c170 WorkerThread "GC Thread#1"                     [id=21600, stack(0x000000f0e8100000,0x000000f0e8200000) (1024K)]
  0x000002618945c510 WorkerThread "GC Thread#2"                     [id=12264, stack(0x000000f0e8200000,0x000000f0e8300000) (1024K)]
  0x000002618945c8b0 WorkerThread "GC Thread#3"                     [id=22096, stack(0x000000f0e8300000,0x000000f0e8400000) (1024K)]
  0x000002618945d060 WorkerThread "GC Thread#4"                     [id=10440, stack(0x000000f0e8400000,0x000000f0e8500000) (1024K)]
  0x000002618945dc20 WorkerThread "GC Thread#5"                     [id=232, stack(0x000000f0e8500000,0x000000f0e8600000) (1024K)]
  0x000002618947b400 WorkerThread "GC Thread#6"                     [id=17084, stack(0x000000f0e8600000,0x000000f0e8700000) (1024K)]
  0x000002618947b7a0 WorkerThread "GC Thread#7"                     [id=20096, stack(0x000000f0e8700000,0x000000f0e8800000) (1024K)]
  0x000002618947bb40 WorkerThread "GC Thread#8"                     [id=3924, stack(0x000000f0e8800000,0x000000f0e8900000) (1024K)]
  0x0000026189972de0 WorkerThread "GC Thread#9"                     [id=18212, stack(0x000000f0e8b00000,0x000000f0e8c00000) (1024K)]
  0x000002613041d2f0 ConcurrentGCThread "G1 Main Marker"            [id=7496, stack(0x000000f0e6c00000,0x000000f0e6d00000) (1024K)]
  0x000002613041e740 WorkerThread "G1 Conc#0"                       [id=5124, stack(0x000000f0e6d00000,0x000000f0e6e00000) (1024K)]
  0x00000261899726a0 WorkerThread "G1 Conc#1"                       [id=3600, stack(0x000000f0e9300000,0x000000f0e9400000) (1024K)]
  0x000002618a24f2e0 WorkerThread "G1 Conc#2"                       [id=13044, stack(0x000000f0e9400000,0x000000f0e9500000) (1024K)]
  0x000002614356a0d0 ConcurrentGCThread "G1 Refine#0"               [id=12780, stack(0x000000f0e6e00000,0x000000f0e6f00000) (1024K)]
  0x000002614356c860 ConcurrentGCThread "G1 Service"                [id=11464, stack(0x000000f0e6f00000,0x000000f0e7000000) (1024K)]
Total: 18

Threads with active compile tasks:
Total: 0

VM state: not at safepoint (normal execution)

VM Mutex/Monitor currently owned by a thread: None

Heap address: 0x0000000702a00000, size: 4054 MB, Compressed Oops mode: Zero based, Oop shift amount: 3

CDS archive(s) mapped at: [0x0000026144000000-0x0000026144c90000-0x0000026144c90000), size 13172736, SharedBaseAddress: 0x0000026144000000, ArchiveRelocationMode: 1.
Compressed class space mapped at: 0x0000026145000000-0x0000026185000000, reserved size: 1073741824
Narrow klass base: 0x0000026144000000, Narrow klass shift: 0, Narrow klass range: 0x100000000

GC Precious Log:
 CardTable entry size: 512
 Card Set container configuration: InlinePtr #cards 4 size 8 Array Of Cards #cards 16 size 48 Howl #buckets 8 coarsen threshold 3686 Howl Bitmap #cards 512 size 80 coarsen threshold 460 Card regions per heap region 1 cards per card region 4096
 CPUs: 12 total, 12 available
 Memory: 16208M
 Large Page Support: Disabled
 NUMA Support: Disabled
 Compressed Oops: Enabled (Zero based)
 Heap Region Size: 2M
 Heap Min Capacity: 8M
 Heap Initial Capacity: 254M
 Heap Max Capacity: 4054M
 Pre-touch: Disabled
 Parallel Workers: 10
 Concurrent Workers: 3
 Concurrent Refinement Workers: 10
 Periodic GC: Disabled

Heap:
 garbage-first heap   total 124928K, used 49657K [0x0000000702a00000, 0x0000000800000000)
  region size 2048K, 2 young (4096K), 1 survivors (2048K)
 Metaspace       used 86964K, committed 88192K, reserved 1179648K
  class space    used 12268K, committed 12864K, reserved 1048576K

Heap Regions: E=young(eden), S=young(survivor), O=old, HS=humongous(starts), HC=humongous(continues), CS=collection set, F=free, TAMS=top-at-mark-start, PB=parsable bottom
|   0|0x0000000702a00000, 0x0000000702c00000, 0x0000000702c00000|100%| O|  |TAMS 0x0000000702a00000| PB 0x0000000702a00000| Untracked 
|   1|0x0000000702c00000, 0x0000000702e00000, 0x0000000702e00000|100%| O|  |TAMS 0x0000000702c00000| PB 0x0000000702c00000| Untracked 
|   2|0x0000000702e00000, 0x0000000702ffffc0, 0x0000000703000000| 99%| O|  |TAMS 0x0000000702e00000| PB 0x0000000702e00000| Untracked 
|   3|0x0000000703000000, 0x00000007031ffff0, 0x0000000703200000| 99%| O|  |TAMS 0x0000000703000000| PB 0x0000000703000000| Untracked 
|   4|0x0000000703200000, 0x0000000703400000, 0x0000000703400000|100%| O|  |TAMS 0x0000000703200000| PB 0x0000000703200000| Untracked 
|   5|0x0000000703400000, 0x00000007035ffff8, 0x0000000703600000| 99%| O|  |TAMS 0x0000000703400000| PB 0x0000000703400000| Untracked 
|   6|0x0000000703600000, 0x0000000703800000, 0x0000000703800000|100%| O|  |TAMS 0x0000000703600000| PB 0x0000000703600000| Untracked 
|   7|0x0000000703800000, 0x00000007039fffe8, 0x0000000703a00000| 99%| O|  |TAMS 0x0000000703800000| PB 0x0000000703800000| Untracked 
|   8|0x0000000703a00000, 0x0000000703bffff8, 0x0000000703c00000| 99%| O|  |TAMS 0x0000000703a00000| PB 0x0000000703a00000| Untracked 
|   9|0x0000000703c00000, 0x0000000703dff890, 0x0000000703e00000| 99%| O|  |TAMS 0x0000000703c00000| PB 0x0000000703c00000| Untracked 
|  10|0x0000000703e00000, 0x0000000704000000, 0x0000000704000000|100%| O|  |TAMS 0x0000000703e00000| PB 0x0000000703e00000| Untracked 
|  11|0x0000000704000000, 0x00000007041ffff8, 0x0000000704200000| 99%| O|  |TAMS 0x0000000704000000| PB 0x0000000704000000| Untracked 
|  12|0x0000000704200000, 0x00000007043fffc0, 0x0000000704400000| 99%| O|  |TAMS 0x0000000704200000| PB 0x0000000704200000| Untracked 
|  13|0x0000000704400000, 0x00000007045ffbf8, 0x0000000704600000| 99%| O|  |TAMS 0x0000000704400000| PB 0x0000000704400000| Untracked 
|  14|0x0000000704600000, 0x000000070471f680, 0x0000000704800000| 56%| O|  |TAMS 0x0000000704600000| PB 0x0000000704600000| Untracked 
|  15|0x0000000704800000, 0x00000007049d75c0, 0x0000000704a00000| 92%| O|  |TAMS 0x0000000704800000| PB 0x0000000704800000| Untracked 
|  16|0x0000000704a00000, 0x0000000704bffff8, 0x0000000704c00000| 99%| O|  |TAMS 0x0000000704a00000| PB 0x0000000704a00000| Untracked 
|  17|0x0000000704c00000, 0x0000000704dfff78, 0x0000000704e00000| 99%| O|  |TAMS 0x0000000704c00000| PB 0x0000000704c00000| Untracked 
|  18|0x0000000704e00000, 0x0000000705000000, 0x0000000705000000|100%| O|  |TAMS 0x0000000704e00000| PB 0x0000000704e00000| Untracked 
|  19|0x0000000705000000, 0x0000000705200000, 0x0000000705200000|100%|HS|  |TAMS 0x0000000705000000| PB 0x0000000705000000| Complete 
|  20|0x0000000705200000, 0x0000000705400000, 0x0000000705400000|100%| O|  |TAMS 0x0000000705200000| PB 0x0000000705200000| Untracked 
|  21|0x0000000705400000, 0x00000007054d9580, 0x0000000705600000| 42%| O|  |TAMS 0x0000000705400000| PB 0x0000000705400000| Untracked 
|  22|0x0000000705600000, 0x00000007056774c0, 0x0000000705800000| 23%| O|Cm|TAMS 0x0000000705600000| PB 0x0000000705600000| Complete 
|  23|0x0000000705800000, 0x00000007059d22b0, 0x0000000705a00000| 91%| O|  |TAMS 0x0000000705800000| PB 0x0000000705800000| Untracked 
|  24|0x0000000705a00000, 0x0000000705c00000, 0x0000000705c00000|100%| O|  |TAMS 0x0000000705a00000| PB 0x0000000705a00000| Untracked 
|  25|0x0000000705c00000, 0x0000000705c00000, 0x0000000705e00000|  0%| F|  |TAMS 0x0000000705c00000| PB 0x0000000705c00000| Untracked 
|  26|0x0000000705e00000, 0x0000000705e00000, 0x0000000706000000|  0%| F|  |TAMS 0x0000000705e00000| PB 0x0000000705e00000| Untracked 
|  27|0x0000000706000000, 0x0000000706000000, 0x0000000706200000|  0%| F|  |TAMS 0x0000000706000000| PB 0x0000000706000000| Untracked 
|  28|0x0000000706200000, 0x0000000706265a00, 0x0000000706400000| 19%| O|  |TAMS 0x0000000706200000| PB 0x0000000706200000| Untracked 
|  29|0x0000000706400000, 0x0000000706400000, 0x0000000706600000|  0%| F|  |TAMS 0x0000000706400000| PB 0x0000000706400000| Untracked 
|  30|0x0000000706600000, 0x0000000706600000, 0x0000000706800000|  0%| F|  |TAMS 0x0000000706600000| PB 0x0000000706600000| Untracked 
|  31|0x0000000706800000, 0x0000000706a00000, 0x0000000706a00000|100%| S|CS|TAMS 0x0000000706800000| PB 0x0000000706800000| Complete 
|  32|0x0000000706a00000, 0x0000000706a00000, 0x0000000706c00000|  0%| F|  |TAMS 0x0000000706a00000| PB 0x0000000706a00000| Untracked 
|  33|0x0000000706c00000, 0x0000000706c00000, 0x0000000706e00000|  0%| F|  |TAMS 0x0000000706c00000| PB 0x0000000706c00000| Untracked 
|  34|0x0000000706e00000, 0x0000000706e00000, 0x0000000707000000|  0%| F|  |TAMS 0x0000000706e00000| PB 0x0000000706e00000| Untracked 
|  35|0x0000000707000000, 0x0000000707000000, 0x0000000707200000|  0%| F|  |TAMS 0x0000000707000000| PB 0x0000000707000000| Untracked 
|  36|0x0000000707200000, 0x0000000707200000, 0x0000000707400000|  0%| F|  |TAMS 0x0000000707200000| PB 0x0000000707200000| Untracked 
|  37|0x0000000707400000, 0x0000000707400000, 0x0000000707600000|  0%| F|  |TAMS 0x0000000707400000| PB 0x0000000707400000| Untracked 
|  38|0x0000000707600000, 0x0000000707600000, 0x0000000707800000|  0%| F|  |TAMS 0x0000000707600000| PB 0x0000000707600000| Untracked 
|  39|0x0000000707800000, 0x0000000707800000, 0x0000000707a00000|  0%| F|  |TAMS 0x0000000707800000| PB 0x0000000707800000| Untracked 
|  40|0x0000000707a00000, 0x0000000707a00000, 0x0000000707c00000|  0%| F|  |TAMS 0x0000000707a00000| PB 0x0000000707a00000| Untracked 
|  41|0x0000000707c00000, 0x0000000707c00000, 0x0000000707e00000|  0%| F|  |TAMS 0x0000000707c00000| PB 0x0000000707c00000| Untracked 
|  42|0x0000000707e00000, 0x0000000707e00000, 0x0000000708000000|  0%| F|  |TAMS 0x0000000707e00000| PB 0x0000000707e00000| Untracked 
|  43|0x0000000708000000, 0x0000000708000000, 0x0000000708200000|  0%| F|  |TAMS 0x0000000708000000| PB 0x0000000708000000| Untracked 
|  44|0x0000000708200000, 0x0000000708200000, 0x0000000708400000|  0%| F|  |TAMS 0x0000000708200000| PB 0x0000000708200000| Untracked 
|  45|0x0000000708400000, 0x0000000708400000, 0x0000000708600000|  0%| F|  |TAMS 0x0000000708400000| PB 0x0000000708400000| Untracked 
|  46|0x0000000708600000, 0x0000000708600000, 0x0000000708800000|  0%| F|  |TAMS 0x0000000708600000| PB 0x0000000708600000| Untracked 
|  47|0x0000000708800000, 0x0000000708800000, 0x0000000708a00000|  0%| F|  |TAMS 0x0000000708800000| PB 0x0000000708800000| Untracked 
|  48|0x0000000708a00000, 0x0000000708a00000, 0x0000000708c00000|  0%| F|  |TAMS 0x0000000708a00000| PB 0x0000000708a00000| Untracked 
|  49|0x0000000708c00000, 0x0000000708c00000, 0x0000000708e00000|  0%| F|  |TAMS 0x0000000708c00000| PB 0x0000000708c00000| Untracked 
|  50|0x0000000708e00000, 0x0000000708e00000, 0x0000000709000000|  0%| F|  |TAMS 0x0000000708e00000| PB 0x0000000708e00000| Untracked 
|  51|0x0000000709000000, 0x0000000709000000, 0x0000000709200000|  0%| F|  |TAMS 0x0000000709000000| PB 0x0000000709000000| Untracked 
|  52|0x0000000709200000, 0x0000000709200000, 0x0000000709400000|  0%| F|  |TAMS 0x0000000709200000| PB 0x0000000709200000| Untracked 
|  53|0x0000000709400000, 0x0000000709400000, 0x0000000709600000|  0%| F|  |TAMS 0x0000000709400000| PB 0x0000000709400000| Untracked 
|  54|0x0000000709600000, 0x0000000709600000, 0x0000000709800000|  0%| F|  |TAMS 0x0000000709600000| PB 0x0000000709600000| Untracked 
|  55|0x0000000709800000, 0x0000000709800000, 0x0000000709a00000|  0%| F|  |TAMS 0x0000000709800000| PB 0x0000000709800000| Untracked 
|  56|0x0000000709a00000, 0x0000000709a00000, 0x0000000709c00000|  0%| F|  |TAMS 0x0000000709a00000| PB 0x0000000709a00000| Untracked 
|  57|0x0000000709c00000, 0x0000000709c00000, 0x0000000709e00000|  0%| F|  |TAMS 0x0000000709c00000| PB 0x0000000709c00000| Untracked 
|2024|0x00000007ffa00000, 0x00000007ffa00000, 0x00000007ffc00000|  0%| F|  |TAMS 0x00000007ffa00000| PB 0x00000007ffa00000| Untracked 
|2025|0x00000007ffc00000, 0x00000007ffc00000, 0x00000007ffe00000|  0%| F|  |TAMS 0x00000007ffc00000| PB 0x00000007ffc00000| Untracked 
|2026|0x00000007ffe00000, 0x00000007ffe9dc48, 0x0000000800000000| 30%| E|  |TAMS 0x00000007ffe00000| PB 0x00000007ffe00000| Complete 

Card table byte_map: [0x000002613c310000,0x000002613cb00000] _byte_map_base: 0x0000026138afb000

Marking Bits: (CMBitMap*) 0x000002613040ccc0
 Bits: [0x000002613cb00000, 0x0000026140a58000)

Polling page: 0x000002612e2e0000

Metaspace:

Usage:
  Non-class:     72.94 MB used.
      Class:     11.98 MB used.
       Both:     84.93 MB used.

Virtual space:
  Non-class space:      128.00 MB reserved,      73.56 MB ( 57%) committed,  2 nodes.
      Class space:        1.00 GB reserved,      12.56 MB (  1%) committed,  1 nodes.
             Both:        1.12 GB reserved,      86.12 MB (  7%) committed. 

Chunk freelists:
   Non-Class:  6.14 MB
       Class:  3.36 MB
        Both:  9.50 MB

MaxMetaspaceSize: unlimited
CompressedClassSpaceSize: 1.00 GB
Initial GC threshold: 21.00 MB
Current GC threshold: 143.38 MB
CDS: on
 - commit_granule_bytes: 65536.
 - commit_granule_words: 8192.
 - virtual_space_node_default_size: 8388608.
 - enlarge_chunks_in_place: 1.
 - use_allocation_guard: 0.


Internal statistics:

num_allocs_failed_limit: 9.
num_arena_births: 1960.
num_arena_deaths: 24.
num_vsnodes_births: 3.
num_vsnodes_deaths: 0.
num_space_committed: 1378.
num_space_uncommitted: 0.
num_chunks_returned_to_freelist: 37.
num_chunks_taken_from_freelist: 5207.
num_chunk_merges: 12.
num_chunk_splits: 3713.
num_chunks_enlarged: 2729.
num_inconsistent_stats: 0.

CodeCache: size=49152Kb used=17856Kb max_used=18976Kb free=31295Kb
 bounds [0x00000261387f0000, 0x0000026139aa0000, 0x000002613b7f0000]
 total_blobs=9615 nmethods=8598 adapters=940
 compilation: enabled
              stopped_count=0, restarted_count=0
 full_count=0

Compilation events (20 events):
Event: 80.575 Thread 0x000002618cc2a550 9752       1       org.springframework.web.servlet.handler.AbstractHandlerMapping::getPatternParser (5 bytes)
Event: 80.575 Thread 0x000002618cc2a550 nmethod 9752 0x0000026139120f10 code [0x00000261391210a0, 0x0000026139121170]
Event: 80.575 Thread 0x000002618cd7de60 9753       1       org.hibernate.internal.AbstractSharedSessionContract::getJdbcSessionContext (5 bytes)
Event: 80.575 Thread 0x00000261436e86c0 9754       1       org.hibernate.internal.FastSessionServices::getEventManager (5 bytes)
Event: 80.576 Thread 0x000002618cd7de60 nmethod 9753 0x0000026139124c10 code [0x0000026139124da0, 0x0000026139124e70]
Event: 80.576 Thread 0x00000261436e86c0 nmethod 9754 0x0000026139133610 code [0x00000261391337a0, 0x0000026139133870]
Event: 80.576 Thread 0x000002618cd7de60 9755       1       org.springframework.core.annotation.AnnotationTypeMapping$MirrorSets$MirrorSet::update (67 bytes)
Event: 80.577 Thread 0x000002618cd7de60 nmethod 9755 0x0000026139115a10 code [0x0000026139115bc0, 0x0000026139115d38]
Event: 85.560 Thread 0x000002618cc2a550 9756       1       java.util.concurrent.locks.LockSupport::setCurrentBlocker (14 bytes)
Event: 85.560 Thread 0x000002618cc2a550 nmethod 9756 0x00000261390b1010 code [0x00000261390b11a0, 0x00000261390b12b8]
Event: 96.718 Thread 0x00000261436e86c0 9757       1       java.util.concurrent.atomic.AtomicLong::set (12 bytes)
Event: 96.719 Thread 0x00000261436e86c0 nmethod 9757 0x000002613913ad10 code [0x000002613913aea0, 0x000002613913af88]
Event: 96.719 Thread 0x00000261436e86c0 9758       1       org.apache.tomcat.util.net.NioEndpoint$NioSocketWrapper::getLastRead (5 bytes)
Event: 96.719 Thread 0x00000261436e86c0 nmethod 9758 0x0000026139158510 code [0x00000261391586a0, 0x0000026139158770]
Event: 96.719 Thread 0x00000261436e86c0 9759       1       org.apache.tomcat.util.net.SocketWrapperBase::getReadTimeout (5 bytes)
Event: 96.719 Thread 0x00000261436e86c0 nmethod 9759 0x0000026139159810 code [0x00000261391599a0, 0x0000026139159a70]
Event: 101.198 Thread 0x00000261436e86c0 9760       1       java.util.HashMap$KeySet::contains (9 bytes)
Event: 101.198 Thread 0x00000261436e86c0 nmethod 9760 0x00000261390b3310 code [0x00000261390b34c0, 0x00000261390b35c8]
Event: 103.329 Thread 0x00000261436e86c0 9761       1       sun.rmi.transport.StreamRemoteCall::getInputStream (60 bytes)
Event: 103.331 Thread 0x00000261436e86c0 nmethod 9761 0x0000026139808510 code [0x0000026139808780, 0x0000026139808e70]

GC Heap History (20 events):
Event: 5.183 GC heap before
{Heap before GC invocations=16 (full 0):
 garbage-first heap   total 98304K, used 82073K [0x0000000702a00000, 0x0000000800000000)
  region size 2048K, 28 young (57344K), 3 survivors (6144K)
 Metaspace       used 64119K, committed 64832K, reserved 1114112K
  class space    used 8893K, committed 9216K, reserved 1048576K
}
Event: 5.187 GC heap after
{Heap after GC invocations=17 (full 0):
 garbage-first heap   total 98304K, used 31947K [0x0000000702a00000, 0x0000000800000000)
  region size 2048K, 2 young (4096K), 2 survivors (4096K)
 Metaspace       used 64119K, committed 64832K, reserved 1114112K
  class space    used 8893K, committed 9216K, reserved 1048576K
}
Event: 5.516 GC heap before
{Heap before GC invocations=17 (full 0):
 garbage-first heap   total 98304K, used 85195K [0x0000000702a00000, 0x0000000800000000)
  region size 2048K, 28 young (57344K), 2 survivors (4096K)
 Metaspace       used 67956K, committed 68672K, reserved 1114112K
  class space    used 9386K, committed 9728K, reserved 1048576K
}
Event: 5.523 GC heap after
{Heap after GC invocations=18 (full 0):
 garbage-first heap   total 98304K, used 33171K [0x0000000702a00000, 0x0000000800000000)
  region size 2048K, 3 young (6144K), 3 survivors (6144K)
 Metaspace       used 67956K, committed 68672K, reserved 1114112K
  class space    used 9386K, committed 9728K, reserved 1048576K
}
Event: 5.826 GC heap before
{Heap before GC invocations=18 (full 0):
 garbage-first heap   total 98304K, used 82323K [0x0000000702a00000, 0x0000000800000000)
  region size 2048K, 28 young (57344K), 3 survivors (6144K)
 Metaspace       used 71289K, committed 72064K, reserved 1114112K
  class space    used 10073K, committed 10432K, reserved 1048576K
}
Event: 5.835 GC heap after
{Heap after GC invocations=19 (full 0):
 garbage-first heap   total 98304K, used 35716K [0x0000000702a00000, 0x0000000800000000)
  region size 2048K, 3 young (6144K), 3 survivors (6144K)
 Metaspace       used 71289K, committed 72064K, reserved 1114112K
  class space    used 10073K, committed 10432K, reserved 1048576K
}
Event: 6.086 GC heap before
{Heap before GC invocations=19 (full 0):
 garbage-first heap   total 98304K, used 82820K [0x0000000702a00000, 0x0000000800000000)
  region size 2048K, 27 young (55296K), 3 survivors (6144K)
 Metaspace       used 73694K, committed 74432K, reserved 1114112K
  class space    used 10403K, committed 10752K, reserved 1048576K
}
Event: 6.093 GC heap after
{Heap after GC invocations=20 (full 0):
 garbage-first heap   total 98304K, used 36936K [0x0000000702a00000, 0x0000000800000000)
  region size 2048K, 2 young (4096K), 2 survivors (4096K)
 Metaspace       used 73694K, committed 74432K, reserved 1114112K
  class space    used 10403K, committed 10752K, reserved 1048576K
}
Event: 6.507 GC heap before
{Heap before GC invocations=20 (full 0):
 garbage-first heap   total 98304K, used 84040K [0x0000000702a00000, 0x0000000800000000)
  region size 2048K, 26 young (53248K), 2 survivors (4096K)
 Metaspace       used 76430K, committed 77184K, reserved 1179648K
  class space    used 10817K, committed 11136K, reserved 1048576K
}
Event: 6.514 GC heap after
{Heap after GC invocations=21 (full 0):
 garbage-first heap   total 118784K, used 40128K [0x0000000702a00000, 0x0000000800000000)
  region size 2048K, 4 young (8192K), 4 survivors (8192K)
 Metaspace       used 76430K, committed 77184K, reserved 1179648K
  class space    used 10817K, committed 11136K, reserved 1048576K
}
Event: 57.372 GC heap before
{Heap before GC invocations=22 (full 0):
 garbage-first heap   total 118784K, used 99520K [0x0000000702a00000, 0x0000000800000000)
  region size 2048K, 33 young (67584K), 4 survivors (8192K)
 Metaspace       used 80417K, committed 81344K, reserved 1179648K
  class space    used 11435K, committed 11840K, reserved 1048576K
}
Event: 57.381 GC heap after
{Heap after GC invocations=23 (full 0):
 garbage-first heap   total 118784K, used 43031K [0x0000000702a00000, 0x0000000800000000)
  region size 2048K, 4 young (8192K), 4 survivors (8192K)
 Metaspace       used 80417K, committed 81344K, reserved 1179648K
  class space    used 11435K, committed 11840K, reserved 1048576K
}
Event: 57.764 GC heap before
{Heap before GC invocations=23 (full 0):
 garbage-first heap   total 118784K, used 106519K [0x0000000702a00000, 0x0000000800000000)
  region size 2048K, 32 young (65536K), 4 survivors (8192K)
 Metaspace       used 84389K, committed 85440K, reserved 1179648K
  class space    used 11901K, committed 12416K, reserved 1048576K
}
Event: 57.776 GC heap after
{Heap after GC invocations=24 (full 0):
 garbage-first heap   total 124928K, used 48211K [0x0000000702a00000, 0x0000000800000000)
  region size 2048K, 4 young (8192K), 4 survivors (8192K)
 Metaspace       used 84389K, committed 85440K, reserved 1179648K
  class space    used 11901K, committed 12416K, reserved 1048576K
}
Event: 75.365 GC heap before
{Heap before GC invocations=24 (full 0):
 garbage-first heap   total 124928K, used 95315K [0x0000000702a00000, 0x0000000800000000)
  region size 2048K, 28 young (57344K), 4 survivors (8192K)
 Metaspace       used 86536K, committed 87744K, reserved 1179648K
  class space    used 12229K, committed 12800K, reserved 1048576K
}
Event: 75.431 GC heap after
{Heap after GC invocations=25 (full 1):
 garbage-first heap   total 124928K, used 41059K [0x0000000702a00000, 0x0000000800000000)
  region size 2048K, 0 young (0K), 0 survivors (0K)
 Metaspace       used 86524K, committed 87744K, reserved 1179648K
  class space    used 12226K, committed 12800K, reserved 1048576K
}
Event: 76.090 GC heap before
{Heap before GC invocations=25 (full 1):
 garbage-first heap   total 124928K, used 108643K [0x0000000702a00000, 0x0000000800000000)
  region size 2048K, 33 young (67584K), 0 survivors (0K)
 Metaspace       used 86796K, committed 88064K, reserved 1179648K
  class space    used 12255K, committed 12864K, reserved 1048576K
}
Event: 76.095 GC heap after
{Heap after GC invocations=26 (full 1):
 garbage-first heap   total 124928K, used 46792K [0x0000000702a00000, 0x0000000800000000)
  region size 2048K, 3 young (6144K), 3 survivors (6144K)
 Metaspace       used 86796K, committed 88064K, reserved 1179648K
  class space    used 12255K, committed 12864K, reserved 1048576K
}
Event: 103.883 GC heap before
{Heap before GC invocations=27 (full 1):
 garbage-first heap   total 124928K, used 108232K [0x0000000702a00000, 0x0000000800000000)
  region size 2048K, 32 young (65536K), 3 survivors (6144K)
 Metaspace       used 86951K, committed 88192K, reserved 1179648K
  class space    used 12268K, committed 12864K, reserved 1048576K
}
Event: 103.895 GC heap after
{Heap after GC invocations=28 (full 1):
 garbage-first heap   total 124928K, used 49657K [0x0000000702a00000, 0x0000000800000000)
  region size 2048K, 1 young (2048K), 1 survivors (2048K)
 Metaspace       used 86951K, committed 88192K, reserved 1179648K
  class space    used 12268K, committed 12864K, reserved 1048576K
}

Dll operation events (12 events):
Event: 0.010 Loaded shared library C:\Program Files\Java\jdk-21\bin\java.dll
Event: 0.206 Loaded shared library C:\Program Files\Java\jdk-21\bin\zip.dll
Event: 0.214 Loaded shared library C:\Program Files\Java\jdk-21\bin\instrument.dll
Event: 0.219 Loaded shared library C:\Program Files\Java\jdk-21\bin\net.dll
Event: 0.221 Loaded shared library C:\Program Files\Java\jdk-21\bin\nio.dll
Event: 0.227 Loaded shared library C:\Program Files\Java\jdk-21\bin\zip.dll
Event: 0.378 Loaded shared library C:\Program Files\Java\jdk-21\bin\jimage.dll
Event: 0.410 Loaded shared library C:\Program Files\Java\jdk-21\bin\management.dll
Event: 0.418 Loaded shared library C:\Program Files\Java\jdk-21\bin\management_ext.dll
Event: 0.573 Loaded shared library C:\Program Files\Java\jdk-21\bin\extnet.dll
Event: 0.597 Loaded shared library C:\Program Files\Java\jdk-21\bin\verify.dll
Event: 1.624 Loaded shared library C:\Program Files\Java\jdk-21\bin\sunmscapi.dll

Deoptimization events (20 events):
Event: 76.516 Thread 0x000002618a1ea4f0 DEOPT PACKING pc=0x0000026138f32934 sp=0x000000f0e69fe530
Event: 76.516 Thread 0x000002618a1ea4f0 DEOPT UNPACKING pc=0x0000026138844e42 sp=0x000000f0e69fda90 mode 1
Event: 76.516 Thread 0x000002618a1ea4f0 DEOPT PACKING pc=0x0000026139285f2c sp=0x000000f0e69fe650
Event: 76.516 Thread 0x000002618a1ea4f0 DEOPT UNPACKING pc=0x0000026138844e42 sp=0x000000f0e69fdb10 mode 1
Event: 76.525 Thread 0x000002618a1ea4f0 DEOPT PACKING pc=0x0000026139678e1c sp=0x000000f0e69fe3a0
Event: 76.525 Thread 0x000002618a1ea4f0 DEOPT UNPACKING pc=0x0000026138844e42 sp=0x000000f0e69fd980 mode 1
Event: 76.546 Thread 0x000002618a1ea4f0 DEOPT PACKING pc=0x0000026139369674 sp=0x000000f0e69fe7c0
Event: 76.546 Thread 0x000002618a1ea4f0 DEOPT UNPACKING pc=0x0000026138844e42 sp=0x000000f0e69fdd28 mode 1
Event: 76.547 Thread 0x000002618a1ea4f0 DEOPT PACKING pc=0x0000026139369674 sp=0x000000f0e69fe750
Event: 76.547 Thread 0x000002618a1ea4f0 DEOPT UNPACKING pc=0x0000026138844e42 sp=0x000000f0e69fdcb8 mode 1
Event: 76.547 Thread 0x000002618a1ea4f0 DEOPT PACKING pc=0x0000026139369674 sp=0x000000f0e69fe6e0
Event: 76.547 Thread 0x000002618a1ea4f0 DEOPT UNPACKING pc=0x0000026138844e42 sp=0x000000f0e69fdc48 mode 1
Event: 80.579 Thread 0x0000026189bda870 DEOPT PACKING pc=0x000002613909d66c sp=0x000000f0ea0fa810
Event: 80.579 Thread 0x0000026189bda870 DEOPT UNPACKING pc=0x0000026138844e42 sp=0x000000f0ea0f9d48 mode 1
Event: 80.579 Thread 0x0000026189bda870 DEOPT PACKING pc=0x000002613909e674 sp=0x000000f0ea0fa900
Event: 80.579 Thread 0x0000026189bda870 DEOPT UNPACKING pc=0x0000026138844e42 sp=0x000000f0ea0f9eb0 mode 1
Event: 80.579 Thread 0x0000026189bda870 DEOPT PACKING pc=0x000002613909ac2c sp=0x000000f0ea0faa70
Event: 80.579 Thread 0x0000026189bda870 DEOPT UNPACKING pc=0x0000026138844e42 sp=0x000000f0ea0fa030 mode 1
Event: 105.328 Thread 0x0000026189bda870 DEOPT PACKING pc=0x000002613989aa44 sp=0x000000f0ea0fbaf0
Event: 105.328 Thread 0x0000026189bda870 DEOPT UNPACKING pc=0x0000026138844e42 sp=0x000000f0ea0faf98 mode 0

Classes loaded (20 events):
Event: 75.133 Loading class sun/net/spi/DefaultProxySelector
Event: 75.133 Loading class sun/net/spi/DefaultProxySelector done
Event: 75.133 Loading class java/net/Proxy
Event: 75.133 Loading class java/net/Proxy done
Event: 75.133 Loading class java/net/Proxy$Type
Event: 75.133 Loading class java/net/Proxy$Type done
Event: 75.133 Loading class sun/net/spi/DefaultProxySelector$1
Event: 75.133 Loading class sun/net/spi/DefaultProxySelector$1 done
Event: 75.134 Loading class sun/net/spi/DefaultProxySelector$NonProxyInfo
Event: 75.134 Loading class sun/net/spi/DefaultProxySelector$NonProxyInfo done
Event: 75.134 Loading class sun/net/spi/DefaultProxySelector$3
Event: 75.134 Loading class sun/net/spi/DefaultProxySelector$3 done
Event: 75.135 Loading class java/util/concurrent/locks/AbstractQueuedSynchronizer$SharedNode
Event: 75.135 Loading class java/util/concurrent/locks/AbstractQueuedSynchronizer$SharedNode done
Event: 75.360 Loading class java/io/FileOutputStream$1
Event: 75.360 Loading class java/io/FileOutputStream$1 done
Event: 75.431 Loading class java/lang/ref/Finalizer$2
Event: 75.432 Loading class java/lang/ref/Finalizer$2 done
Event: 75.432 Loading class java/lang/ref/Finalizer$1
Event: 75.432 Loading class java/lang/ref/Finalizer$1 done

Classes unloaded (12 events):
Event: 75.393 Thread 0x00000261436af320 Unloading class 0x0000026145c8cc00 'java/lang/invoke/LambdaForm$DMH+0x0000026145c8cc00'
Event: 75.393 Thread 0x00000261436af320 Unloading class 0x0000026145c8c400 'java/lang/invoke/LambdaForm$DMH+0x0000026145c8c400'
Event: 75.393 Thread 0x00000261436af320 Unloading class 0x0000026145c8c000 'java/lang/invoke/LambdaForm$DMH+0x0000026145c8c000'
Event: 75.393 Thread 0x00000261436af320 Unloading class 0x0000026145a58400 'jdk/internal/reflect/GeneratedSerializationConstructorAccessor19'
Event: 75.393 Thread 0x00000261436af320 Unloading class 0x0000026145a58000 'jdk/internal/reflect/GeneratedSerializationConstructorAccessor18'
Event: 76.121 Thread 0x00000261436af320 Unloading class 0x00000261450c1800 'java/lang/invoke/LambdaForm$DMH+0x00000261450c1800'
Event: 76.121 Thread 0x00000261436af320 Unloading class 0x00000261450c1000 'java/lang/invoke/LambdaForm$DMH+0x00000261450c1000'
Event: 76.121 Thread 0x00000261436af320 Unloading class 0x00000261450c0400 'java/lang/invoke/LambdaForm$DMH+0x00000261450c0400'
Event: 76.121 Thread 0x00000261436af320 Unloading class 0x00000261450c0000 'java/lang/invoke/LambdaForm$DMH+0x00000261450c0000'
Event: 76.121 Thread 0x00000261436af320 Unloading class 0x0000026145004000 'java/lang/invoke/LambdaForm$MH+0x0000026145004000'
Event: 76.121 Thread 0x00000261436af320 Unloading class 0x0000026145003c00 'java/lang/invoke/LambdaForm$MH+0x0000026145003c00'
Event: 76.121 Thread 0x00000261436af320 Unloading class 0x0000026145003800 'java/lang/invoke/LambdaForm$MH+0x0000026145003800'

Classes redefined (3 events):
Event: 73.454 Thread 0x00000261436af320 redefined class name=com.mysite.sbb.user.UserController, count=1
Event: 105.350 Thread 0x00000261436af320 redefined class name=com.mysite.sbb.user.UserController, count=2
Event: 105.350 Thread 0x00000261436af320 redefined class name=com.mysite.sbb.user.UserController, count=1

Internal exceptions (20 events):
Event: 58.215 Thread 0x0000026189bd5320 Exception <a 'java/lang/NoSuchMethodError'{0x0000000707b63048}: 'java.lang.Object java.lang.invoke.DirectMethodHandle$Holder.invokeStatic(java.lang.Object, int, int)'> (0x0000000707b63048) 
thrown [s\open\src\hotspot\share\interpreter\linkResolver.cpp, line 773]
Event: 58.215 Thread 0x0000026189bd59b0 Exception <a 'java/lang/NoSuchMethodError'{0x0000000707b76340}: 'java.lang.Object java.lang.invoke.DirectMethodHandle$Holder.invokeStatic(java.lang.Object, int, int)'> (0x0000000707b76340) 
thrown [s\open\src\hotspot\share\interpreter\linkResolver.cpp, line 773]
Event: 58.215 Thread 0x0000026189bd73f0 Exception <a 'java/lang/NoSuchMethodError'{0x0000000707ba83c0}: 'java.lang.Object java.lang.invoke.DirectMethodHandle$Holder.invokeStatic(java.lang.Object, int, int)'> (0x0000000707ba83c0) 
thrown [s\open\src\hotspot\share\interpreter\linkResolver.cpp, line 773]
Event: 58.215 Thread 0x0000026189bd7a80 Exception <a 'java/lang/NoSuchMethodError'{0x0000000707bbcb68}: 'java.lang.Object java.lang.invoke.DirectMethodHandle$Holder.invokeStatic(java.lang.Object, int, int)'> (0x0000000707bbcb68) 
thrown [s\open\src\hotspot\share\interpreter\linkResolver.cpp, line 773]
Event: 75.156 Thread 0x000002618a1e9140 Exception <a 'java/lang/NoSuchMethodError'{0x0000000707797308}: 'void java.lang.invoke.DirectMethodHandle$Holder.invokeSpecial(java.lang.Object, java.lang.Object, int, long)'> (0x0000000707797308) 
thrown [s\open\src\hotspot\share\interpreter\linkResolver.cpp, line 773]
Event: 75.157 Thread 0x000002618a1e9140 Exception <a 'java/lang/NoSuchMethodError'{0x000000070779d218}: 'java.lang.Object java.lang.invoke.DirectMethodHandle$Holder.newInvokeSpecial(java.lang.Object, java.lang.Object, int, long)'> (0x000000070779d218) 
thrown [s\open\src\hotspot\share\interpreter\linkResolver.cpp, line 773]
Event: 75.157 Thread 0x000002618a1e9140 Exception <a 'java/lang/NoSuchMethodError'{0x00000007077a1180}: 'java.lang.Object java.lang.invoke.DirectMethodHandle$Holder.invokeSpecial(java.lang.Object, java.lang.Object, java.lang.Object, int, long)'> (0x00000007077a1180) 
thrown [s\open\src\hotspot\share\interpreter\linkResolver.cpp, line 773]
Event: 75.359 Thread 0x000002618a1e8420 Exception <a 'java/lang/NoSuchMethodError'{0x0000000706f13458}: static Lorg/springframework/security/web/csrf/DefaultCsrfToken;.<clinit>()V> (0x0000000706f13458) 
thrown [s\open\src\hotspot\share\prims\jni.cpp, line 1106]
Event: 75.363 Thread 0x0000026189bd6040 Exception <a 'java/lang/InterruptedException'{0x0000000706f40488}: sleep interrupted> (0x0000000706f40488) 
thrown [s\open\src\hotspot\share\prims\jvm.cpp, line 3074]
Event: 75.450 Thread 0x000002618a1ea4f0 Exception <a 'sun/nio/fs/WindowsException'{0x00000007ffe940e8}> (0x00000007ffe940e8) 
thrown [s\open\src\hotspot\share\prims\jni.cpp, line 520]
Event: 75.758 Thread 0x000002618a1ea4f0 Exception <a 'java/lang/NoClassDefFoundError'{0x0000000708656158}: org/flywaydb/core/Flyway> (0x0000000708656158) 
thrown [s\open\src\hotspot\share\oops\constantPool.cpp, line 871]
Event: 75.759 Thread 0x000002618a1ea4f0 Exception <a 'java/lang/NoClassDefFoundError'{0x00000007086567b8}: liquibase/integration/spring/SpringLiquibase> (0x00000007086567b8) 
thrown [s\open\src\hotspot\share\oops\constantPool.cpp, line 871]
Event: 75.761 Thread 0x000002618a1ea4f0 Exception <a 'java/lang/NoClassDefFoundError'{0x0000000708671e38}: org/springframework/batch/core/repository/JobRepository> (0x0000000708671e38) 
thrown [s\open\src\hotspot\share\oops\constantPool.cpp, line 871]
Event: 75.762 Thread 0x000002618a1ea4f0 Exception <a 'java/lang/NoClassDefFoundError'{0x0000000708672490}: org/quartz/Scheduler> (0x0000000708672490) 
thrown [s\open\src\hotspot\share\oops\constantPool.cpp, line 871]
Event: 75.763 Thread 0x000002618a1ea4f0 Exception <a 'java/lang/NoClassDefFoundError'{0x0000000708672b10}: org/springframework/session/jdbc/JdbcIndexedSessionRepository> (0x0000000708672b10) 
thrown [s\open\src\hotspot\share\oops\constantPool.cpp, line 871]
Event: 75.766 Thread 0x000002618a1ea4f0 Exception <a 'java/lang/NoClassDefFoundError'{0x00000007086cbf88}: org/jooq/DSLContext> (0x00000007086cbf88) 
thrown [s\open\src\hotspot\share\oops\constantPool.cpp, line 871]
Event: 75.830 Thread 0x000002618a1ea4f0 Exception <a 'java/io/FileNotFoundException'{0x0000000707c8e9e0}> (0x0000000707c8e9e0) 
thrown [s\open\src\hotspot\share\prims\jni.cpp, line 520]
Event: 75.856 Thread 0x000002618a1ea4f0 Exception <a 'sun/nio/fs/WindowsException'{0x00000007079043b0}> (0x00000007079043b0) 
thrown [s\open\src\hotspot\share\prims\jni.cpp, line 520]
Event: 75.856 Thread 0x000002618a1ea4f0 Exception <a 'sun/nio/fs/WindowsException'{0x0000000707905998}> (0x0000000707905998) 
thrown [s\open\src\hotspot\share\prims\jni.cpp, line 520]
Event: 75.857 Thread 0x000002618a1ea4f0 Exception <a 'sun/nio/fs/WindowsException'{0x0000000707906788}> (0x0000000707906788) 
thrown [s\open\src\hotspot\share\prims\jni.cpp, line 520]

ZGC Phase Switch (0 events):
No events

VM Operations (20 events):
Event: 88.119 Executing VM operation: ChangeSingleStep
Event: 88.119 Executing VM operation: ChangeSingleStep done
Event: 88.119 Executing VM operation: ChangeSingleStep
Event: 88.119 Executing VM operation: ChangeSingleStep done
Event: 88.125 Executing VM operation: get/set locals
Event: 88.125 Executing VM operation: get/set locals done
Event: 103.883 Executing VM operation: G1CollectForAllocation (G1 Evacuation Pause)
Event: 103.895 Executing VM operation: G1CollectForAllocation (G1 Evacuation Pause) done
Event: 105.328 Executing VM operation: ChangeSingleStep
Event: 105.328 Executing VM operation: ChangeSingleStep done
Event: 105.329 Executing VM operation: ChangeSingleStep
Event: 105.329 Executing VM operation: ChangeSingleStep done
Event: 105.342 Executing VM operation: RedefineClasses
Event: 105.370 Executing VM operation: RedefineClasses done
Event: 105.391 Executing VM operation: ChangeBreakpoints
Event: 105.393 Executing VM operation: ChangeBreakpoints done
Event: 105.398 Executing VM operation: ChangeBreakpoints
Event: 105.400 Executing VM operation: ChangeBreakpoints done
Event: 105.407 Executing VM operation: ChangeSingleStep
Event: 105.408 Executing VM operation: ChangeSingleStep done

Events (20 events):
Event: 76.528 Thread 0x0000026189bd6040 Thread added: 0x0000026189bd6040
Event: 76.528 Thread 0x000002618a48a080 Thread added: 0x000002618a48a080
Event: 76.528 Thread 0x000002618a48c7e0 Thread added: 0x000002618a48c7e0
Event: 76.531 Thread 0x000002618a48ce70 Thread added: 0x000002618a48ce70
Event: 76.531 Thread 0x000002618a48ada0 Thread added: 0x000002618a48ada0
Event: 76.539 Thread 0x000002618a48b430 Thread added: 0x000002618a48b430
Event: 76.541 Thread 0x000002618a48bac0 Thread added: 0x000002618a48bac0
Event: 76.551 Thread 0x000002618a1ea4f0 Thread exited: 0x000002618a1ea4f0
Event: 76.551 Thread 0x000002618a1e8420 Thread exited: 0x000002618a1e8420
Event: 76.647 Thread 0x000002618a48c150 Thread added: 0x000002618a48c150
Event: 76.670 Thread 0x000002618a48b430 Thread exited: 0x000002618a48b430
Event: 76.671 Thread 0x000002618a48c150 Thread exited: 0x000002618a48c150
Event: 77.585 Thread 0x000002618a48bac0 Thread exited: 0x000002618a48bac0
Event: 77.591 Thread 0x000002618a48b430 Thread added: 0x000002618a48b430
Event: 78.650 Thread 0x000002618a48b430 Thread exited: 0x000002618a48b430
Event: 81.171 Thread 0x0000026189bd7a80 Thread exited: 0x0000026189bd7a80
Event: 85.560 Thread 0x000002618cd7de60 Thread exited: 0x000002618cd7de60
Event: 90.568 Thread 0x000002618cc2a550 Thread exited: 0x000002618cc2a550
Event: 91.105 Thread 0x000002618a48a710 Thread exited: 0x000002618a48a710
Event: 91.105 Thread 0x00000261438827b0 Thread exited: 0x00000261438827b0


Dynamic libraries:
0x00007ff72cd30000 - 0x00007ff72cd40000 	C:\Program Files\Java\jdk-21\bin\javaw.exe
0x00007fff7fcb0000 - 0x00007fff7fec6000 	C:\Windows\SYSTEM32\ntdll.dll
0x00007fff7f3e0000 - 0x00007fff7f4a4000 	C:\Windows\System32\KERNEL32.DLL
0x00007fff7d1b0000 - 0x00007fff7d557000 	C:\Windows\System32\KERNELBASE.dll
0x00007fff7d890000 - 0x00007fff7d9a1000 	C:\Windows\System32\ucrtbase.dll
0x00007fff5d280000 - 0x00007fff5d299000 	C:\Program Files\Java\jdk-21\bin\jli.dll
0x00007fff7f2c0000 - 0x00007fff7f372000 	C:\Windows\System32\ADVAPI32.dll
0x00007fff7e8d0000 - 0x00007fff7e977000 	C:\Windows\System32\msvcrt.dll
0x00007fff7e810000 - 0x00007fff7e8b8000 	C:\Windows\System32\sechost.dll
0x00007fff7d9b0000 - 0x00007fff7d9d8000 	C:\Windows\System32\bcrypt.dll
0x00007fff7fa10000 - 0x00007fff7fb25000 	C:\Windows\System32\RPCRT4.dll
0x00007fff7e030000 - 0x00007fff7e1de000 	C:\Windows\System32\USER32.dll
0x00007fff7d770000 - 0x00007fff7d796000 	C:\Windows\System32\win32u.dll
0x00007fff7e980000 - 0x00007fff7e9a9000 	C:\Windows\System32\GDI32.dll
0x00007fff7cfd0000 - 0x00007fff7d0e9000 	C:\Windows\System32\gdi32full.dll
0x00007fff7d6d0000 - 0x00007fff7d76a000 	C:\Windows\System32\msvcp_win.dll
0x00007fff5b5a0000 - 0x00007fff5b833000 	C:\Windows\WinSxS\amd64_microsoft.windows.common-controls_6595b64144ccf1df_6.0.22621.3235_none_270f74e173860f98\COMCTL32.dll
0x00007fff665d0000 - 0x00007fff665da000 	C:\Windows\SYSTEM32\VERSION.dll
0x00007fff5d210000 - 0x00007fff5d22b000 	C:\Program Files\Java\jdk-21\bin\VCRUNTIME140.dll
0x00007fff7f4d0000 - 0x00007fff7f501000 	C:\Windows\System32\IMM32.DLL
0x00007fff78140000 - 0x00007fff7814c000 	C:\Program Files\Java\jdk-21\bin\vcruntime140_1.dll
0x00007fff45f30000 - 0x00007fff45fbe000 	C:\Program Files\Java\jdk-21\bin\msvcp140.dll
0x00007fff33c90000 - 0x00007fff349a7000 	C:\Program Files\Java\jdk-21\bin\server\jvm.dll
0x00007fff7f210000 - 0x00007fff7f281000 	C:\Windows\System32\WS2_32.dll
0x00007fff7be30000 - 0x00007fff7be7d000 	C:\Windows\SYSTEM32\POWRPROF.dll
0x00007fff74570000 - 0x00007fff745a4000 	C:\Windows\SYSTEM32\WINMM.dll
0x00007fff7be10000 - 0x00007fff7be23000 	C:\Windows\SYSTEM32\UMPDC.dll
0x00007fff7c060000 - 0x00007fff7c078000 	C:\Windows\SYSTEM32\kernel.appcore.dll
0x00007fff73050000 - 0x00007fff7305a000 	C:\Program Files\Java\jdk-21\bin\jimage.dll
0x00007fff7a2c0000 - 0x00007fff7a4f3000 	C:\Windows\SYSTEM32\DBGHELP.DLL
0x00007fff7f660000 - 0x00007fff7f9e8000 	C:\Windows\System32\combase.dll
0x00007fff7f510000 - 0x00007fff7f5e7000 	C:\Windows\System32\OLEAUT32.dll
0x00007fff662e0000 - 0x00007fff66312000 	C:\Windows\SYSTEM32\dbgcore.DLL
0x00007fff7d7a0000 - 0x00007fff7d819000 	C:\Windows\System32\bcryptPrimitives.dll
0x00007fff5d1d0000 - 0x00007fff5d20c000 	C:\Program Files\Java\jdk-21\bin\jdwp.dll
0x00007fff651e0000 - 0x00007fff651ef000 	C:\Program Files\Java\jdk-21\bin\instrument.dll
0x00007fff593e0000 - 0x00007fff593ff000 	C:\Program Files\Java\jdk-21\bin\java.dll
0x00007fff7e9b0000 - 0x00007fff7f20c000 	C:\Windows\System32\SHELL32.dll
0x00007fff7aef0000 - 0x00007fff7b7e9000 	C:\Windows\SYSTEM32\windows.storage.dll
0x00007fff7adb0000 - 0x00007fff7aeee000 	C:\Windows\SYSTEM32\wintypes.dll
0x00007fff7df30000 - 0x00007fff7e023000 	C:\Windows\System32\SHCORE.dll
0x00007fff7f380000 - 0x00007fff7f3de000 	C:\Windows\System32\shlwapi.dll
0x00007fff7cf00000 - 0x00007fff7cf21000 	C:\Windows\SYSTEM32\profapi.dll
0x00007fff64ca0000 - 0x00007fff64cac000 	C:\Program Files\Java\jdk-21\bin\dt_socket.dll
0x00007fff7bb00000 - 0x00007fff7bb2d000 	C:\Windows\SYSTEM32\IPHLPAPI.DLL
0x00007fff7c530000 - 0x00007fff7c599000 	C:\Windows\system32\mswsock.dll
0x00007fff7bb80000 - 0x00007fff7bc79000 	C:\Windows\SYSTEM32\DNSAPI.dll
0x00007fff7f2b0000 - 0x00007fff7f2b9000 	C:\Windows\System32\NSI.dll
0x00007fff78600000 - 0x00007fff7860a000 	C:\Windows\System32\rasadhlp.dll
0x00007fff774b0000 - 0x00007fff77533000 	C:\Windows\System32\fwpuclnt.dll
0x00007fff56100000 - 0x00007fff56118000 	C:\Program Files\Java\jdk-21\bin\zip.dll
0x00007fff64c60000 - 0x00007fff64c70000 	C:\Program Files\Java\jdk-21\bin\net.dll
0x00007fff78810000 - 0x00007fff78946000 	C:\Windows\SYSTEM32\WINHTTP.dll
0x00007fff560c0000 - 0x00007fff560d6000 	C:\Program Files\Java\jdk-21\bin\nio.dll
0x00007fff647a0000 - 0x00007fff647aa000 	C:\Program Files\Java\jdk-21\bin\management.dll
0x00007fff52bd0000 - 0x00007fff52bdb000 	C:\Program Files\Java\jdk-21\bin\management_ext.dll
0x00007fff7f290000 - 0x00007fff7f298000 	C:\Windows\System32\PSAPI.DLL
0x00007fff5ce50000 - 0x00007fff5ce67000 	C:\Windows\system32\napinsp.dll
0x00007fff5ce30000 - 0x00007fff5ce4b000 	C:\Windows\system32\pnrpnsp.dll
0x00007fff5ca70000 - 0x00007fff5ca81000 	C:\Windows\System32\winrnr.dll
0x00007fff75a90000 - 0x00007fff75aa5000 	C:\Windows\system32\wshbth.dll
0x00007fff5ca40000 - 0x00007fff5ca61000 	C:\Windows\system32\nlansp_c.dll
0x00007fff7c770000 - 0x00007fff7c78b000 	C:\Windows\SYSTEM32\CRYPTSP.dll
0x00007fff7c020000 - 0x00007fff7c055000 	C:\Windows\system32\rsaenh.dll
0x00007fff7c5f0000 - 0x00007fff7c618000 	C:\Windows\SYSTEM32\USERENV.dll
0x00007fff7c790000 - 0x00007fff7c79c000 	C:\Windows\SYSTEM32\CRYPTBASE.dll
0x00007fff52ad0000 - 0x00007fff52ad9000 	C:\Program Files\Java\jdk-21\bin\extnet.dll
0x00007fff52ac0000 - 0x00007fff52ad0000 	C:\Program Files\Java\jdk-21\bin\verify.dll
0x00007fff52ab0000 - 0x00007fff52abe000 	C:\Program Files\Java\jdk-21\bin\sunmscapi.dll
0x00007fff7d560000 - 0x00007fff7d6c7000 	C:\Windows\System32\CRYPT32.dll
0x00007fff7c990000 - 0x00007fff7c9be000 	C:\Windows\SYSTEM32\ncrypt.dll
0x00007fff7c950000 - 0x00007fff7c987000 	C:\Windows\SYSTEM32\NTASN1.dll
0x00007fff1ae30000 - 0x00007fff1ae38000 	C:\Windows\system32\wshunix.dll

dbghelp: loaded successfully - version: 4.0.5 - missing functions: none
symbol engine: initialized successfully - sym options: 0x614 - pdb path: .;C:\Program Files\Java\jdk-21\bin;C:\Windows\SYSTEM32;C:\Windows\WinSxS\amd64_microsoft.windows.common-controls_6595b64144ccf1df_6.0.22621.3235_none_270f74e173860f98;C:\Program Files\Java\jdk-21\bin\server

VM Arguments:
jvm_args: -XX:+ShowCodeDetailsInExceptionMessages -agentlib:jdwp=transport=dt_socket,suspend=y,address=localhost:53112 -Dcom.sun.management.jmxremote -Dcom.sun.management.jmxremote.port=53111 -Dcom.sun.management.jmxremote.authenticate=false -Dcom.sun.management.jmxremote.ssl=false -Djava.rmi.server.hostname=localhost -Dspring.jmx.enabled=true -Dmanagement.endpoints.jmx.exposure.include=* -Dspring.application.admin.enabled=true -XX:TieredStopAtLevel=1 -Dspring.boot.project.name=sbb -javaagent:C:\sts-4.22.0.RELEASE\configuration\org.eclipse.osgi\266\0\.cp\lib\javaagent-shaded.jar -Dfile.encoding=UTF-8 -Dstdout.encoding=UTF-8 -Dstderr.encoding=UTF-8 
java_command: com.mysite.sbb.SbbApplication --spring.output.ansi.enabled=always
java_class_path (initial): C:\Users\cjfdn\git\DoIt_SpringBoot2\sbb\bin\main;C:\Users\cjfdn\.gradle\caches\modules-2\files-2.1\org.projectlombok\lombok\1.18.30\f195ee86e6c896ea47a1d39defbe20eb59cd149d\lombok-1.18.30.jar;C:\Users\cjfdn\.gradle\caches\modules-2\files-2.1\org.springframework.boot\spring-boot-starter-web\3.2.3\bf2b775d4f4e6349129c64de30939a5493779706\spring-boot-starter-web-3.2.3.jar;C:\Users\cjfdn\.gradle\caches\modules-2\files-2.1\org.springframework.boot\spring-boot-starter-data-jpa\3.2.3\1fd0770b23c57627e5a37726fb4060f5bfa4da6f\spring-boot-starter-data-jpa-3.2.3.jar;C:\Users\cjfdn\.gradle\caches\modules-2\files-2.1\org.springframework.boot\spring-boot-starter-thymeleaf\3.2.3\dbb434ce42b99f0685963d0a5824cd8f3835a1ac\spring-boot-starter-thymeleaf-3.2.3.jar;C:\Users\cjfdn\.gradle\caches\modules-2\files-2.1\nz.net.ultraq.thymeleaf\thymeleaf-layout-dialect\3.3.0\275da01788302e514c0549a4db5fa6b29ef84ba6\thymeleaf-layout-dialect-3.3.0.jar;C:\Users\cjfdn\.gradle\caches\modules-2\files-2.1\org.springframework.boot\spring-boot-starter-validation\3.2.3\6bb79fe1a0760b5cec37bd85e31bd4cc987c8185\spring-boot-starter-validation-3.2.3.jar;C:\Users\cjfdn\.gradle\caches\modules-2\files-2.1\org.springframework.boot\spring-boot-starter-security\3.2.3\f6353a8e62be7372b3968ab71e613b5188d55c3b\spring-boot-starter-security-3.2.3.jar;C:\Users\cjfdn\.gradle\caches\modules-2\files-2.1\org.thymeleaf.extras\thymeleaf-extras-springsecurity6\3.1.2.RELEASE\574c188eb147191e2f162419e9fc780fcf3256d7\thymeleaf-extras-springsecurity6-3.1.2.RELEASE.jar;C:\Users\cjfdn\.gradle\caches\modules-2\files-2.1\org.commonmark\commonmark\0.21.0\c98f0473b17c87fe4fa2fc62a7c6523a2fe018f0\commonmark-0.21.0.jar;C:\Users\cjfdn\.gradle\caches\modules-2\files-2.1\org.springframework.boot\spring-boot-starter-json\3.2.3\c71ec683425f09b7a213358d3b22959d929d1108\spring-boot-starter-json-3.2.3.jar;C:\Users\cjfdn\.gradle\caches\modules-2\files-2.1\org.springframework.boot\spring-boot-starter-aop\3.2.3\db8d799efd6cacd3bd134d471c3f983cbc1a137\spring-boot-starter-aop-3.2.3.jar;C:\Users\cjfdn\.gradle\caches\modules-2\files-2.1\org.springframework.boot\spring-boot-starter-jdbc\3.2.3\4c3632af95417c28c45342b08353ccaecaacbf3\spring-boot-starter-jdbc-3.2.3.jar;C:\Users\cjfdn\.gradle\caches\modules-2\files-2.1\org.springframework.boot\spring-boot-starter\3.2.3\15f3e03b0fd9570f90bdce9651610cc152534cf4\spring-boot-starter-3.2.3.jar;C:\Users\cjfdn\.gradle\caches\modules-2\files-2.1\org.springframework.boot\spring-boot-starter-tomcat\3.2.3\ac392404d41766194b8fce6834c71879f9e8f479\spring-boot-starter-tomcat-3.2.3.jar;C:\Users\cjfdn\.gradle\caches\modules-2\files-2.1\org.springframework\spring-webmvc\6.1.4\e7aad7c53e05c8772209e915029e121262a7bc33\spring-webmvc-6.1.4.jar;C:\Users\cjfdn\.gradle\caches\modules-2\files-2.1\org.springframework.security\spring-security-web\6.2.2\ad30f4614a6e88a1ac7e0b1e701d950d7bcda143\spring-security-web-6.2.2.jar;C:\Users\cjfdn\.gradle\caches\modules-2\files-2.1\org.springframework\spring-web\6.1.4\b237532e03330a7cf8f66dc147e62bbbe44c702f\spring-web-6.1.4.jar;C:\Users\cjfdn\.gradle\caches\modules-2\files-2.1\org.hibernate.orm\hibernate-core\6.4.4.Final\5c9decb3c5a70bf7801d41fc32633416c26be069\hibernate-core-6.4.4.Final.jar;C:\Users\cjfdn\.gradle\caches\modules-2\files-2.1\org.springframework.data\spring-data-jpa\3.2.3\ae734906f5fb1e1892da7ab48acb6d0e0d407673\spring-data-jpa-3.2.3.jar;C:\Users\cjfdn\.gradle\caches\modules-2\files-2.1\org.springframework\spring-aspects\6.1.4\2b1b5c0f9f639d0317b9f7c20c07f90b49fee6fb\spring-aspects-6.1.4.jar;C:\Users\cjfdn\.gradle\caches\modules-2\files-2.1\org.thymeleaf\thymeleaf-spring6\3.1.2.RELEASE\6030c7b4e260c41336f378e53da6e8531263f24b\thymeleaf-spring6-3.1.2.RELEASE.jar;C:\Users\cjfdn\.gradle\caches\modules-2\files-2.1\org.apache.groovy\groovy\4.0.18\4036d7d22135c92b5ecbbe6ea1880e4e32d15f95\groovy-4.0.18.jar;C:\Users\cjfdn\.gradle\caches\modules-2\files-2.1\org.apache.tomcat.embed\tomcat-embed-el\10.1.19\c61a582c391aca130884a5421deedfe1a96c7415\tomcat-embed-el-10.1.19.jar;C:\Users\cjfdn\.gradle\caches\modules-2\files-2.1\org.hibernate.validator\hibernate-validator\8.0.1.Final\e49e116b3d3928060599b176b3538bb848718e95\hibernate-validator-8.0.1.Final.jar;C:\Users\cjfdn\.gradle\caches\modules-2\files-2.1\org.springframework.security\spring-security-config\6.2.2\e1e3d332d9268aca2ce321be73215222f9a721f\spring-security-config-6.2.2.jar;C:\Users\cjfdn\.gradle\caches\modules-2\files-2.1\org.springframework.boot\spring-boot-autoconfigure\3.2.3\59db74eb4196885bb5a149417ab1ab51dc9b6952\spring-boot-autoconfigure-3.2.3.jar;C:\Users\cjfdn\.gradle\caches\modules-2\files-2.1\org.springframework.boot\spring-boot\3.2.3\b4aa6e3fdc4078fee4a4b9d702d9cc64e3fad1d4\spring-boot-3.2.3.jar;C:\Users\cjfdn\.gradle\caches\modules-2\files-2.1\org.springframework.security\spring-security-core\6.2.2\8cf7e96179c6f253ab36f76ebb24538a7e619f49\spring-security-core-6.2.2.jar;C:\Users\cjfdn\.gradle\caches\modules-2\files-2.1\org.springframework\spring-context\6.1.4\765316bef55e41e4523f9b2780b8721ce5dd0fe2\spring-context-6.1.4.jar;C:\Users\cjfdn\.gradle\caches\modules-2\files-2.1\org.springframework\spring-aop\6.1.4\26ae2c9e7f69b0235a2faca1c58416c51eaebef6\spring-aop-6.1.4.jar;C:\Users\cjfdn\.gradle\caches\modules-2\files-2.1\com.zaxxer\HikariCP\5.0.1\a74c7f0a37046846e88d54f7cb6ea6d565c65f9c\HikariCP-5.0.1.jar;C:\Users\cjfdn\.gradle\caches\modules-2\files-2.1\org.springframework.data\spring-data-commons\3.2.3\9b09afa13803c321e4b72ef5448e0d93d9f8ca18\spring-data-commons-3.2.3.jar;C:\Users\cjfdn\.gradle\caches\modules-2\files-2.1\org.thymeleaf\thymeleaf\3.1.2.RELEASE\273997509a4c7aef86cee0521750140c587d9be2\thymeleaf-3.1.2.RELEASE.jar;C:\Users\cjfdn\.gradle\caches\modules-2\files-2.1\org.springframework.boot\spring-boot-starter-logging\3.2.3\c186015229d7f5cbd30ea99bf903a8cede6d849f\spring-boot-starter-logging-3.2.3.jar;C:\Users\cjfdn\.gradle\caches\modules-2\files-2.1\ch.qos.logback\logback-classic\1.4.14\d98bc162275134cdf1518774da4a2a17ef6fb94d\logback-classic-1.4.14.jar;C:\Users\cjfdn\.gradle\caches\modules-2\files-2.1\org.apache.logging.log4j\log4j-to-slf4j\2.21.1\d77b2ba81711ed596cd797cc2b5b5bd7409d841c\log4j-to-slf4j-2.21.1.jar;C:\Users\cjfdn\.gradle\caches\modules-2\files-2.1\org.slf4j\jul-to-slf4j\2.0.12\eb5f48f782b41cc881b0bf1fb4d88ae2ff6d5b93\jul-to-slf4j-2.0.12.jar;C:\Users\cjfdn\.gradle\caches\modules-2\files-2.1\org.slf4j\slf4j-api\2.0.12\48f109a2a6d8f446c794f3e3fa0d86df0cdfa312\slf4j-api-2.0.12.jar;C:\Users\cjfdn\.gradle\caches\modules-2\files-2.1\jakarta.annotation\jakarta.annotation-api\2.1.1\48b9bda22b091b1f48b13af03fe36db3be6e1ae3\jakarta.annotation-api-2.1.1.jar;C:\Users\cjfdn\.gradle\caches\modules-2\files-2.1\org.springframework\spring-orm\6.1.4\d8119336a38cba3e794bfec7761e2690056affe0\spring-orm-6.1.4.jar;C:\Users\cjfdn\.gradle\caches\modules-2\files-2.1\org.springframework\spring-jdbc\6.1.4\4e9ac0b228f11a90f6bc647276fdffa7ac0f12fe\spring-jdbc-6.1.4.jar;C:\Users\cjfdn\.gradle\caches\modules-2\files-2.1\org.springframework\spring-tx\6.1.4\7179b3c7febc0514556ea4e3f1613cacb358078d\spring-tx-6.1.4.jar;C:\Users\cjfdn\.gradle\caches\modules-2\files-2.1\org.springframework\spring-beans\6.1.4\e311cc9937d522a1051622580b4a2c250fc74164\spring-beans-6.1.4.jar;C:\Users\cjfdn\.gradle\caches\modules-2\files-2.1\org.springframework\spring-expression\6.1.4\a1f2e3af83c7222b7f95f68a8e0666fdcceb35e1\spring-expression-6.1.4.jar;C:\Users\cjfdn\.gradle\caches\modules-2\files-2.1\org.springframework\spring-core\6.1.4\3b4dde8f55c3d5d4e948de64b866d7bb27e5a8d4\spring-core-6.1.4.jar;C:\Users\cjfdn\.gradle\caches\modules-2\files-2.1\org.yaml\snakeyaml\2.2\3af797a25458550a16bf89acc8e4ab2b7f2bfce0\snakeyaml-2.2.jar;C:\Users\cjfdn\.gradle\caches\modules-2\files-2.1\com.fasterxml.jackson.datatype\jackson-datatype-jsr310\2.15.4\7de629770a4559db57128d35ccae7d2fddd35db3\jackson-datatype-jsr310-2.15.4.jar;C:\Users\cjfdn\.gradle\caches\modules-2\files-2.1\com.fasterxml.jackson.module\jackson-module-parameter-names\2.15.4\e654497a08359db2521b69b5f710e00836915d8c\jackson-module-parameter-names-2.15.4.jar;C:\Users\cjfdn\.gradle\caches\modules-2\files-2.1\com.fasterxml.jackson.core\jackson-annotations\2.15.4\5223ea5a9bf52cdc9c5e537a0e52f2432eaf208b\jackson-annotations-2.15.4.jar;C:\Users\cjfdn\.gradle\caches\modules-2\files-2.1\com.fasterxml.jackson.core\jackson-core\2.15.4\aebe84b45360debad94f692a4074c6aceb535fa0\jackson-core-2.15.4.jar;C:\Users\cjfdn\.gradle\caches\modules-2\files-2.1\com.fasterxml.jackson.datatype\jackson-datatype-jdk8\2.15.4\694777f182334a21bf1aeab1b04cc4398c801f3f\jackson-datatype-jdk8-2.15.4.jar;C:\Users\cjfdn\.gradle\caches\modules-2\files-2.1\com.fasterxml.jackson.core\jackson-databind\2.15.4\560309fc381f77d4d15c4a4cdaa0db5025c4fd13\jackson-databind-2.15.4.jar;C:\Users\cjfdn\.gradle\caches\modules-2\files-2.1\org.apache.tomcat.embed\tomcat-embed-websocket\10.1.19\adf4710fac2471236f8a466ca678cdf7e6a8257c\tomcat-embed-websocket-10.1.19.jar;C:\Users\cjfdn\.gradle\caches\modules-2\files-2.1\org.apache.tomcat.embed\tomcat-embed-core\10.1.19\3dbbca8acbd4dd6a137c3d6f934a2931512b42ce\tomcat-embed-core-10.1.19.jar;C:\Users\cjfdn\.gradle\caches\modules-2\files-2.1\io.micrometer\micrometer-observation\1.12.3\105f768c211564fcebe4d79419bda4ebef0d0ac7\micrometer-observation-1.12.3.jar;C:\Users\cjfdn\.gradle\caches\modules-2\files-2.1\org.aspectj\aspectjweaver\1.9.21\beaabaea95c7f3330f415c72ee0ffe79b51d172f\aspectjweaver-1.9.21.jar;C:\Users\cjfdn\.gradle\caches\modules-2\files-2.1\jakarta.persistence\jakarta.persistence-api\3.1.0\66901fa1c373c6aff65c13791cc11da72060a8d6\jakarta.persistence-api-3.1.0.jar;C:\Users\cjfdn\.gradle\caches\modules-2\files-2.1\jakarta.transaction\jakarta.transaction-api\2.0.1\51a520e3fae406abb84e2e1148e6746ce3f80a1a\jakarta.transaction-api-2.0.1.jar;C:\Users\cjfdn\.gradle\caches\modules-2\files-2.1\org.antlr\antlr4-runtime\4.13.0\5a02e48521624faaf5ff4d99afc88b01686af655\antlr4-runtime-4.13.0.jar;C:\Users\cjfdn\.gradle\caches\modules-2\files-2.1\jakarta.validation\jakarta.validation-api\3.0.2\92b6631659ba35ca09e44874d3eb936edfeee532\jakarta.validation-api-3.0.2.jar;C:\Users\cjfdn\.gradle\caches\modules-2\files-2.1\org.jboss.logging\jboss-logging\3.5.3.Final\c88fc1d8a96d4c3491f55d4317458ccad53ca663\jboss-logging-3.5.3.Final.jar;C:\Users\cjfdn\.gradle\caches\modules-2\files-2.1\com.fasterxml\classmate\1.6.0\91affab6f84a2182fce5dd72a8d01bc14346dddd\classmate-1.6.0.jar;C:\Users\cjfdn\.gradle\caches\modules-2\files-2.1\org.springframework\spring-jcl\6.1.4\a244bd674a5431dfdce68d28cdf857104e6fff67\spring-jcl-6.1.4.jar;C:\Users\cjfdn\.gradle\caches\modules-2\files-2.1\io.micrometer\micrometer-commons\1.12.3\83add2dda5cdc811fefb83e858c7412a176fe5b1\micrometer-commons-1.12.3.jar;C:\Users\cjfdn\.gradle\caches\modules-2\files-2.1\org.attoparser\attoparser\2.0.7.RELEASE\e5d0e988d9124139d645bb5872b24dfa23e283cc\attoparser-2.0.7.RELEASE.jar;C:\Users\cjfdn\.gradle\caches\modules-2\files-2.1\org.unbescape\unbescape\1.1.6.RELEASE\7b90360afb2b860e09e8347112800d12c12b2a13\unbescape-1.1.6.RELEASE.jar;C:\Users\cjfdn\.gradle\caches\modules-2\files-2.1\org.springframework.security\spring-security-crypto\6.2.2\bd1b47ce6593b4d66a1f12e023b59dacc00db00a\spring-security-crypto-6.2.2.jar;C:\Users\cjfdn\.gradle\caches\modules-2\files-2.1\ch.qos.logback\logback-core\1.4.14\4d3c2248219ac0effeb380ed4c5280a80bf395e8\logback-core-1.4.14.jar;C:\Users\cjfdn\.gradle\caches\modules-2\files-2.1\org.apache.logging.log4j\log4j-api\2.21.1\74c65e87b9ce1694a01524e192d7be989ba70486\log4j-api-2.21.1.jar;C:\Users\cjfdn\.gradle\caches\modules-2\files-2.1\org.springframework.boot\spring-boot-devtools\3.2.3\b474cd30a54aae2152ff6bc8a31378ee40237407\spring-boot-devtools-3.2.3.jar;C:\Users\cjfdn\.gradle\caches\modules-2\files-2.1\com.h2database\h2\2.2.224\7bdade27d8cd197d9b5ce9dc251f41d2edc5f7ad\h2-2.2.224.jar;C:\Users\cjfdn\.gradle\caches\modules-2\files-2.1\org.postgresql\postgresql\42.6.1\aded708fdd722a277ebce49c29c3c6fa0703420\postgresql-42.6.1.jar;C:\Users\cjfdn\.gradle\caches\modules-2\files-2.1\nz.net.ultraq.groovy\groovy-extensions\2.1.0\c869dc033867e8861957ff3ff4e1ce0a00260e3a\groovy-extensions-2.1.0.jar;C:\Users\cjfdn\.gradle\caches\modules-2\files-2.1\nz.net.ultraq.thymeleaf\thymeleaf-expression-processor\3.2.0\566d36d35ba24120e8cef0d55869868e042785cf\thymeleaf-expression-processor-3.2.0.jar;C:\Users\cjfdn\.gradle\caches\modules-2\files-2.1\org.checkerframework\checker-qual\3.31.0\eeefd4af42e2f4221d145c1791582f91868f99ab\checker-qual-3.31.0.jar;C:\Users\cjfdn\.gradle\caches\modules-2\files-2.1\org.hibernate.common\hibernate-commons-annotations\6.0.6.Final\77a5f94b56d49508e0ee334751db5b78e5ccd50c\hibernate-commons-annotations-6.0.6.Final.jar;C:\Users\cjfdn\.gradle\caches\modules-2\files-2.1\io.smallrye\jandex\3.1.2\a6c1c89925c7df06242b03dddb353116ceb9584c\jandex-3.1.2.jar;C:\Users\cjfdn\.gradle\caches\modules-2\files-2.1\net.bytebuddy\byte-buddy\1.14.12\6e37f743dc15a8d7a4feb3eb0025cbc612d5b9e1\byte-buddy-1.14.12.jar;C:\Users\cjfdn\.gradle\caches\modules-2\files-2.1\org.glassfish.jaxb\jaxb-runtime\4.0.4\7180c50ef8bd127bb1dd645458b906cffcf6c2b5\jaxb-runtime-4.0.4.jar;C:\Users\cjfdn\.gradle\caches\modules-2\files-2.1\org.glassfish.jaxb\jaxb-core\4.0.4\2d5aadd02af86f1e9d8c6f7e8501673f915d4e25\jaxb-core-4.0.4.jar;C:\Users\cjfdn\.gradle\caches\modules-2\files-2.1\jakarta.xml.bind\jakarta.xml.bind-api\4.0.1\ca2330866cbc624c7e5ce982e121db1125d23e15\jakarta.xml.bind-api-4.0.1.jar;C:\Users\cjfdn\.gradle\caches\modules-2\files-2.1\jakarta.inject\jakarta.inject-api\2.0.1\4c28afe1991a941d7702fe1362c365f0a8641d1e\jakarta.inject-api-2.0.1.jar;C:\Users\cjfdn\.gradle\caches\modules-2\files-2.1\ognl\ognl\3.3.4\1904789bdd96f226ad252a02f230be1015f4462b\ognl-3.3.4.jar;C:\Users\cjfdn\.gradle\caches\modules-2\files-2.1\org.eclipse.angus\angus-activation\2.0.1\eaafaf4eb71b400e4136fc3a286f50e34a68ecb7\angus-activation-2.0.1.jar;C:\Users\cjfdn\.gradle\caches\modules-2\files-2.1\jakarta.activation\jakarta.activation-api\2.1.2\640c0d5aff45dbff1e1a1bc09673ff3a02b1ba12\jakarta.activation-api-2.1.2.jar;C:\Users\cjfdn\.gradle\caches\modules-2\files-2.1\org.javassist\javassist\3.29.0-GA\d3959fa7e00bf04dbe519228a23213d2afb625d8\javassist-3.29.0-GA.jar;C:\Users\cjfdn\.gradle\caches\modules-2\files-2.1\org.glassfish.jaxb\txw2\4.0.4\cfd2bcf08782673ac370694fdf2cf76dbaa607ef\txw2-4.0.4.jar;C:\Users\cjfdn\.gradle\caches\modules-2\files-2.1\com.sun.istack\istack-commons-runtime\4.1.2\18ec117c85f3ba0ac65409136afa8e42bc74e739\istack-commons-runtime-4.1.2.jar
Launcher Type: SUN_STANDARD

[Global flags]
     intx CICompilerCount                          = 4                                         {product} {ergonomic}
     uint ConcGCThreads                            = 3                                         {product} {ergonomic}
     uint G1ConcRefinementThreads                  = 10                                        {product} {ergonomic}
   size_t G1HeapRegionSize                         = 2097152                                   {product} {ergonomic}
    uintx GCDrainStackTargetSize                   = 64                                        {product} {ergonomic}
   size_t InitialHeapSize                          = 266338304                                 {product} {ergonomic}
     bool ManagementServer                         = true                                      {product} {command line}
   size_t MarkStackSize                            = 4194304                                   {product} {ergonomic}
   size_t MaxHeapSize                              = 4250927104                                {product} {ergonomic}
   size_t MaxNewSize                               = 2550136832                                {product} {ergonomic}
   size_t MinHeapDeltaBytes                        = 2097152                                   {product} {ergonomic}
   size_t MinHeapSize                              = 8388608                                   {product} {ergonomic}
    uintx NonNMethodCodeHeapSize                   = 4096                                   {pd product} {ergonomic}
    uintx NonProfiledCodeHeapSize                  = 0                                      {pd product} {ergonomic}
     bool ProfileInterpreter                       = false                                  {pd product} {command line}
    uintx ProfiledCodeHeapSize                     = 0                                      {pd product} {ergonomic}
     bool ShowCodeDetailsInExceptionMessages       = true                                   {manageable} {command line}
   size_t SoftMaxHeapSize                          = 4250927104                             {manageable} {ergonomic}
     intx TieredStopAtLevel                        = 1                                         {product} {command line}
     bool UseCompressedOops                        = true                           {product lp64_product} {ergonomic}
     bool UseG1GC                                  = true                                      {product} {ergonomic}
     bool UseLargePagesIndividualAllocation        = false                                  {pd product} {ergonomic}

Logging:
Log output configuration:
 #0: stdout all=warning uptime,level,tags foldmultilines=false
 #1: stderr all=off uptime,level,tags foldmultilines=false

Environment Variables:
JAVA_HOME=C:\Program Files\Java\jdk-16.0.2
CLASSPATH=C:\Program Files\Java\jdk-16.0.2\lib
PATH=C:/sts-4.22.0.RELEASE//plugins/org.eclipse.justj.openjdk.hotspot.jre.full.win32.x86_64_17.0.10.v20240120-1143/jre/bin/server;C:/sts-4.22.0.RELEASE//plugins/org.eclipse.justj.openjdk.hotspot.jre.full.win32.x86_64_17.0.10.v20240120-1143/jre/bin;C:\Program Files\Common Files\Oracle\Java\javapath;C:\Windows\system32;C:\Windows;C:\Windows\System32\Wbem;C:\Windows\System32\WindowsPowerShell\v1.0\;C:\Windows\System32\OpenSSH\;C:\Program Files\Bandizip\;C:\Program Files\Java\jdk-16.0.2\bin;C:\Program Files\VisualSVN Server\bin;C:\Users\cjfdn\AppData\Local\Microsoft\WindowsApps;;C:\sts-4.22.0.RELEASE;
USERNAME=cjfdn
OS=Windows_NT
PROCESSOR_IDENTIFIER=Intel64 Family 6 Model 154 Stepping 4, GenuineIntel
TMP=C:\Users\cjfdn\AppData\Local\Temp
TEMP=C:\Users\cjfdn\AppData\Local\Temp




Periodic native trim disabled

---------------  S Y S T E M  ---------------

OS:
 Windows 11 , 64 bit Build 22621 (10.0.22621.3374)
OS uptime: 0 days 20:41 hours
Hyper-V role detected

CPU: total 12 (initial active 12) (6 cores per cpu, 2 threads per core) family 6 model 154 stepping 4 microcode 0x429, cx8, cmov, fxsr, ht, mmx, 3dnowpref, sse, sse2, sse3, ssse3, sse4.1, sse4.2, popcnt, lzcnt, tsc, tscinvbit, avx, avx2, aes, erms, clmul, bmi1, bmi2, adx, sha, fma, vzeroupper, clflush, clflushopt, clwb, hv, serialize, rdtscp, rdpid, fsrm, f16c, cet_ibt, cet_ss
Processor Information for processor 0
  Max Mhz: 2500, Current Mhz: 1370, Mhz Limit: 1350
Processor Information for processor 1
  Max Mhz: 2500, Current Mhz: 1370, Mhz Limit: 1350
Processor Information for processor 2
  Max Mhz: 2500, Current Mhz: 1370, Mhz Limit: 1350
Processor Information for processor 3
  Max Mhz: 2500, Current Mhz: 1370, Mhz Limit: 1350
Processor Information for processor 4
  Max Mhz: 2500, Current Mhz: 900, Mhz Limit: 900
Processor Information for processor 5
  Max Mhz: 2500, Current Mhz: 900, Mhz Limit: 900
Processor Information for processor 6
  Max Mhz: 2500, Current Mhz: 900, Mhz Limit: 900
Processor Information for processor 7
  Max Mhz: 2500, Current Mhz: 900, Mhz Limit: 900
Processor Information for processor 8
  Max Mhz: 2500, Current Mhz: 900, Mhz Limit: 900
Processor Information for processor 9
  Max Mhz: 2500, Current Mhz: 900, Mhz Limit: 900
Processor Information for processor 10
  Max Mhz: 2500, Current Mhz: 900, Mhz Limit: 900
Processor Information for processor 11
  Max Mhz: 2500, Current Mhz: 900, Mhz Limit: 900

Memory: 4k page, system-wide physical 16208M (4607M free)
TotalPageFile size 20847M (AvailPageFile size 3883M)
current process WorkingSet (physical memory assigned to process): 330M, peak: 330M
current process commit charge ("private bytes"): 374M, peak: 388M

vm_info: Java HotSpot(TM) 64-Bit Server VM (21.0.2+13-LTS-58) for windows-amd64 JRE (21.0.2+13-LTS-58), built on 2024-01-05T18:32:24Z by "mach5one" with MS VC++ 17.1 (VS2022)

END.
